#
# There is insufficient memory for the Java Runtime Environment to continue.
# Native memory allocation (malloc) failed to allocate 908336 bytes for Chunk::new
# Possible reasons:
#   The system is out of physical RAM or swap space
#   The process is running with CompressedOops enabled, and the Java Heap may be blocking the growth of the native heap
# Possible solutions:
#   Reduce memory load on the system
#   Increase physical memory or swap space
#   Check if swap backing store is full
#   Decrease Java heap size (-Xmx/-Xms)
#   Decrease number of Java threads
#   Decrease Java thread stack sizes (-Xss)
#   Set larger code cache with -XX:ReservedCodeCacheSize=
#   JVM is running with Unscaled Compressed Oops mode in which the Java heap is
#     placed in the first 4GB address space. The Java Heap base address is the
#     maximum limit for the native heap growth. Please use -XX:HeapBaseMinAddress
#     to set the Java Heap base and to place the Java Heap above 4GB virtual address.
# This output file may be truncated or incomplete.
#
#  Out of Memory Error (arena.cpp:195), pid=18564, tid=4504
#
# JRE version: OpenJDK Runtime Environment (16.0.1+9) (build 16.0.1+9-24)
# Java VM: OpenJDK 64-Bit Server VM (16.0.1+9-24, mixed mode, sharing, tiered, compressed oops, compressed class ptrs, g1 gc, windows-amd64)
# No core dump will be written. Minidumps are not enabled by default on client versions of Windows
#

---------------  S U M M A R Y ------------

Command Line: -javaagent:C:\Program Files\JetBrains\IntelliJ IDEA Community Edition 2021.1.1\lib\idea_rt.jar=49613:C:\Program Files\JetBrains\IntelliJ IDEA Community Edition 2021.1.1\bin -Dfile.encoding=UTF-8 com.grupo3.Proyecto.Integrador.Application

Host: Intel(R) Pentium(R) CPU 4415U @ 2.30GHz, 4 cores, 7G,  Windows 10 , 64 bit Build 19041 (10.0.19041.1202)
Time: Thu Nov 25 09:47:49 2021 Hora est. Pacífico, Sudamérica elapsed time: 6.838243 seconds (0d 0h 0m 6s)

---------------  T H R E A D  ---------------

Current thread (0x0000021bcca7f850):  JavaThread "C2 CompilerThread0" daemon [_thread_in_native, id=4504, stack(0x0000004d98200000,0x0000004d98300000)]


Current CompileTask:
C2:   6838 1568       4       org.springframework.boot.context.properties.source.ConfigurationPropertyName$ElementsParser::parse (234 bytes)

Stack: [0x0000004d98200000,0x0000004d98300000]
Native frames: (J=compiled Java code, j=interpreted, Vv=VM code, C=native code)
V  [jvm.dll+0x6687ca]
V  [jvm.dll+0x7ca3c9]
V  [jvm.dll+0x7cbb53]
V  [jvm.dll+0x7cc1b3]
V  [jvm.dll+0x242ea5]
V  [jvm.dll+0xadeca]
V  [jvm.dll+0xae5ac]
V  [jvm.dll+0x35aed2]
V  [jvm.dll+0x3253d1]
V  [jvm.dll+0x32487a]
V  [jvm.dll+0x215f3c]
V  [jvm.dll+0x215350]
V  [jvm.dll+0x1a1d9b]
V  [jvm.dll+0x2253a8]
V  [jvm.dll+0x2233ec]
V  [jvm.dll+0x780002]
V  [jvm.dll+0x779b4a]
V  [jvm.dll+0x667666]
C  [ucrtbase.dll+0x21bb2]
C  [KERNEL32.DLL+0x17034]
C  [ntdll.dll+0x52651]


---------------  P R O C E S S  ---------------

Threads class SMR info:
_java_thread_list=0x0000021bce7a4560, length=14, elements={
0x0000021baf329bb0, 0x0000021bcca69e40, 0x0000021bcca6ad00, 0x0000021bcca78b00,
0x0000021bcca79700, 0x0000021bcca7e120, 0x0000021bcca7eb20, 0x0000021bcca7f850,
0x0000021bcca81350, 0x0000021bcca85550, 0x0000021bcca44f90, 0x0000021bcd60c7b0,
0x0000021bcd60ccd0, 0x0000021bce7b3cd0
}

Java Threads: ( => current thread )
  0x0000021baf329bb0 JavaThread "main" [_thread_in_vm, id=20964, stack(0x0000004d97500000,0x0000004d97600000)]
  0x0000021bcca69e40 JavaThread "Reference Handler" daemon [_thread_blocked, id=6072, stack(0x0000004d97c00000,0x0000004d97d00000)]
  0x0000021bcca6ad00 JavaThread "Finalizer" daemon [_thread_blocked, id=3700, stack(0x0000004d97d00000,0x0000004d97e00000)]
  0x0000021bcca78b00 JavaThread "Signal Dispatcher" daemon [_thread_blocked, id=7840, stack(0x0000004d97e00000,0x0000004d97f00000)]
  0x0000021bcca79700 JavaThread "Attach Listener" daemon [_thread_blocked, id=20720, stack(0x0000004d97f00000,0x0000004d98000000)]
  0x0000021bcca7e120 JavaThread "Service Thread" daemon [_thread_blocked, id=12936, stack(0x0000004d98000000,0x0000004d98100000)]
  0x0000021bcca7eb20 JavaThread "Monitor Deflation Thread" daemon [_thread_blocked, id=14472, stack(0x0000004d98100000,0x0000004d98200000)]
=>0x0000021bcca7f850 JavaThread "C2 CompilerThread0" daemon [_thread_in_native, id=4504, stack(0x0000004d98200000,0x0000004d98300000)]
  0x0000021bcca81350 JavaThread "C1 CompilerThread0" daemon [_thread_in_vm, id=21500, stack(0x0000004d98300000,0x0000004d98400000)]
  0x0000021bcca85550 JavaThread "Sweeper thread" daemon [_thread_blocked, id=8896, stack(0x0000004d98400000,0x0000004d98500000)]
  0x0000021bcca44f90 JavaThread "Common-Cleaner" daemon [_thread_blocked, id=17032, stack(0x0000004d98500000,0x0000004d98600000)]
  0x0000021bcd60c7b0 JavaThread "Monitor Ctrl-Break" daemon [_thread_in_native, id=16884, stack(0x0000004d98600000,0x0000004d98700000)]
  0x0000021bcd60ccd0 JavaThread "Notification Thread" daemon [_thread_blocked, id=15652, stack(0x0000004d98700000,0x0000004d98800000)]
  0x0000021bce7b3cd0 JavaThread "background-preinit" [_thread_in_vm, id=16616, stack(0x0000004d98900000,0x0000004d98a00000)]

Other Threads:
  0x0000021bcca61bc0 VMThread "VM Thread" [stack: 0x0000004d97b00000,0x0000004d97c00000] [id=19720]
  0x0000021bcd7946d0 WatcherThread [stack: 0x0000004d98800000,0x0000004d98900000] [id=1616]
  0x0000021baf3696d0 GCTaskThread "GC Thread#0" [stack: 0x0000004d97600000,0x0000004d97700000] [id=6040]
  0x0000021bcdc220d0 GCTaskThread "GC Thread#1" [stack: 0x0000004d98a00000,0x0000004d98b00000] [id=10924]
  0x0000021bcdc9d7a0 GCTaskThread "GC Thread#2" [stack: 0x0000004d98b00000,0x0000004d98c00000] [id=14680]
  0x0000021bcdc26470 GCTaskThread "GC Thread#3" [stack: 0x0000004d98c00000,0x0000004d98d00000] [id=16816]
  0x0000021baf37a450 ConcurrentGCThread "G1 Main Marker" [stack: 0x0000004d97700000,0x0000004d97800000] [id=6356]
  0x0000021baf37aec0 ConcurrentGCThread "G1 Conc#0" [stack: 0x0000004d97800000,0x0000004d97900000] [id=21068]
  0x0000021baf3f2150 ConcurrentGCThread "G1 Refine#0" [stack: 0x0000004d97900000,0x0000004d97a00000] [id=18908]
  0x0000021bcdedd9b0 ConcurrentGCThread "G1 Refine#1" [stack: 0x0000004d98d00000,0x0000004d98e00000] [id=8488]
  0x0000021baf3f2bd0 ConcurrentGCThread "G1 Service" [stack: 0x0000004d97a00000,0x0000004d97b00000] [id=5108]

Threads with active compile tasks:
C2 CompilerThread0     6900 1568       4       org.springframework.boot.context.properties.source.ConfigurationPropertyName$ElementsParser::parse (234 bytes)
C1 CompilerThread0     6900 1588       3       java.lang.invoke.VarHandleReferences$FieldInstanceReadWrite::compareAndSet (48 bytes)

VM state: not at safepoint (normal execution)

VM Mutex/Monitor currently owned by a thread: None

Heap address: 0x0000000081600000, size: 2026 MB, Compressed Oops mode: 32-bit

CDS archive(s) mapped at: [0x0000000800000000-0x0000000800bb0000-0x0000000800bb0000), size 12255232, SharedBaseAddress: 0x0000000800000000, ArchiveRelocationMode: 0.
Compressed class space mapped at: 0x0000000800c00000-0x0000000840c00000, reserved size: 1073741824
Narrow klass base: 0x0000000800000000, Narrow klass shift: 3, Narrow klass range: 0x100000000

GC Precious Log:
 CPUs: 4 total, 4 available
 Memory: 8101M
 Large Page Support: Disabled
 NUMA Support: Disabled
 Compressed Oops: Enabled (32-bit)
 Heap Region Size: 1M
 Heap Min Capacity: 8M
 Heap Initial Capacity: 128M
 Heap Max Capacity: 2026M
 Pre-touch: Disabled
 Parallel Workers: 4
 Concurrent Workers: 1
 Concurrent Refinement Workers: 4
 Periodic GC: Disabled

Heap:
 garbage-first heap   total 131072K, used 18946K [0x0000000081600000, 0x0000000100000000)
  region size 1024K, 14 young (14336K), 2 survivors (2048K)
 Metaspace       used 8255K, committed 8448K, reserved 1056768K
  class space    used 1004K, committed 1088K, reserved 1048576K

Heap Regions: E=young(eden), S=young(survivor), O=old, HS=humongous(starts), HC=humongous(continues), CS=collection set, F=free, OA=open archive, CA=closed archive, TAMS=top-at-mark-start (previous, next)
|   0|0x0000000081600000, 0x0000000081700000, 0x0000000081700000|100%|HS|  |TAMS 0x0000000081600000, 0x0000000081600000| Complete 
|   1|0x0000000081700000, 0x0000000081800000, 0x0000000081800000|100%| O|  |TAMS 0x0000000081700000, 0x0000000081700000| Untracked 
|   2|0x0000000081800000, 0x0000000081900000, 0x0000000081900000|100%| O|  |TAMS 0x0000000081800000, 0x0000000081800000| Untracked 
|   3|0x0000000081900000, 0x0000000081a00000, 0x0000000081a00000|100%| O|  |TAMS 0x0000000081900000, 0x0000000081900000| Untracked 
|   4|0x0000000081a00000, 0x0000000081b00000, 0x0000000081b00000|100%| O|  |TAMS 0x0000000081a00000, 0x0000000081a00000| Untracked 
|   5|0x0000000081b00000, 0x0000000081c00000, 0x0000000081c00000|100%| O|  |TAMS 0x0000000081b00000, 0x0000000081b00000| Untracked 
|   6|0x0000000081c00000, 0x0000000081c73400, 0x0000000081d00000| 45%| O|  |TAMS 0x0000000081c00000, 0x0000000081c00000| Untracked 
|   7|0x0000000081d00000, 0x0000000081d00000, 0x0000000081e00000|  0%| F|  |TAMS 0x0000000081d00000, 0x0000000081d00000| Untracked 
|   8|0x0000000081e00000, 0x0000000081e00000, 0x0000000081f00000|  0%| F|  |TAMS 0x0000000081e00000, 0x0000000081e00000| Untracked 
|   9|0x0000000081f00000, 0x0000000081f00000, 0x0000000082000000|  0%| F|  |TAMS 0x0000000081f00000, 0x0000000081f00000| Untracked 
|  10|0x0000000082000000, 0x0000000082000000, 0x0000000082100000|  0%| F|  |TAMS 0x0000000082000000, 0x0000000082000000| Untracked 
|  11|0x0000000082100000, 0x0000000082100000, 0x0000000082200000|  0%| F|  |TAMS 0x0000000082100000, 0x0000000082100000| Untracked 
|  12|0x0000000082200000, 0x0000000082200000, 0x0000000082300000|  0%| F|  |TAMS 0x0000000082200000, 0x0000000082200000| Untracked 
|  13|0x0000000082300000, 0x0000000082300000, 0x0000000082400000|  0%| F|  |TAMS 0x0000000082300000, 0x0000000082300000| Untracked 
|  14|0x0000000082400000, 0x0000000082400000, 0x0000000082500000|  0%| F|  |TAMS 0x0000000082400000, 0x0000000082400000| Untracked 
|  15|0x0000000082500000, 0x0000000082500000, 0x0000000082600000|  0%| F|  |TAMS 0x0000000082500000, 0x0000000082500000| Untracked 
|  16|0x0000000082600000, 0x0000000082600000, 0x0000000082700000|  0%| F|  |TAMS 0x0000000082600000, 0x0000000082600000| Untracked 
|  17|0x0000000082700000, 0x0000000082700000, 0x0000000082800000|  0%| F|  |TAMS 0x0000000082700000, 0x0000000082700000| Untracked 
|  18|0x0000000082800000, 0x0000000082800000, 0x0000000082900000|  0%| F|  |TAMS 0x0000000082800000, 0x0000000082800000| Untracked 
|  19|0x0000000082900000, 0x0000000082900000, 0x0000000082a00000|  0%| F|  |TAMS 0x0000000082900000, 0x0000000082900000| Untracked 
|  20|0x0000000082a00000, 0x0000000082a00000, 0x0000000082b00000|  0%| F|  |TAMS 0x0000000082a00000, 0x0000000082a00000| Untracked 
|  21|0x0000000082b00000, 0x0000000082b00000, 0x0000000082c00000|  0%| F|  |TAMS 0x0000000082b00000, 0x0000000082b00000| Untracked 
|  22|0x0000000082c00000, 0x0000000082c00000, 0x0000000082d00000|  0%| F|  |TAMS 0x0000000082c00000, 0x0000000082c00000| Untracked 
|  23|0x0000000082d00000, 0x0000000082d00000, 0x0000000082e00000|  0%| F|  |TAMS 0x0000000082d00000, 0x0000000082d00000| Untracked 
|  24|0x0000000082e00000, 0x0000000082e00000, 0x0000000082f00000|  0%| F|  |TAMS 0x0000000082e00000, 0x0000000082e00000| Untracked 
|  25|0x0000000082f00000, 0x0000000082f00000, 0x0000000083000000|  0%| F|  |TAMS 0x0000000082f00000, 0x0000000082f00000| Untracked 
|  26|0x0000000083000000, 0x0000000083000000, 0x0000000083100000|  0%| F|  |TAMS 0x0000000083000000, 0x0000000083000000| Untracked 
|  27|0x0000000083100000, 0x0000000083100000, 0x0000000083200000|  0%| F|  |TAMS 0x0000000083100000, 0x0000000083100000| Untracked 
|  28|0x0000000083200000, 0x0000000083200000, 0x0000000083300000|  0%| F|  |TAMS 0x0000000083200000, 0x0000000083200000| Untracked 
|  29|0x0000000083300000, 0x0000000083300000, 0x0000000083400000|  0%| F|  |TAMS 0x0000000083300000, 0x0000000083300000| Untracked 
|  30|0x0000000083400000, 0x0000000083400000, 0x0000000083500000|  0%| F|  |TAMS 0x0000000083400000, 0x0000000083400000| Untracked 
|  31|0x0000000083500000, 0x0000000083500000, 0x0000000083600000|  0%| F|  |TAMS 0x0000000083500000, 0x0000000083500000| Untracked 
|  32|0x0000000083600000, 0x0000000083600000, 0x0000000083700000|  0%| F|  |TAMS 0x0000000083600000, 0x0000000083600000| Untracked 
|  33|0x0000000083700000, 0x0000000083700000, 0x0000000083800000|  0%| F|  |TAMS 0x0000000083700000, 0x0000000083700000| Untracked 
|  34|0x0000000083800000, 0x0000000083800000, 0x0000000083900000|  0%| F|  |TAMS 0x0000000083800000, 0x0000000083800000| Untracked 
|  35|0x0000000083900000, 0x0000000083900000, 0x0000000083a00000|  0%| F|  |TAMS 0x0000000083900000, 0x0000000083900000| Untracked 
|  36|0x0000000083a00000, 0x0000000083a00000, 0x0000000083b00000|  0%| F|  |TAMS 0x0000000083a00000, 0x0000000083a00000| Untracked 
|  37|0x0000000083b00000, 0x0000000083b00000, 0x0000000083c00000|  0%| F|  |TAMS 0x0000000083b00000, 0x0000000083b00000| Untracked 
|  38|0x0000000083c00000, 0x0000000083c00000, 0x0000000083d00000|  0%| F|  |TAMS 0x0000000083c00000, 0x0000000083c00000| Untracked 
|  39|0x0000000083d00000, 0x0000000083d00000, 0x0000000083e00000|  0%| F|  |TAMS 0x0000000083d00000, 0x0000000083d00000| Untracked 
|  40|0x0000000083e00000, 0x0000000083e00000, 0x0000000083f00000|  0%| F|  |TAMS 0x0000000083e00000, 0x0000000083e00000| Untracked 
|  41|0x0000000083f00000, 0x0000000083f00000, 0x0000000084000000|  0%| F|  |TAMS 0x0000000083f00000, 0x0000000083f00000| Untracked 
|  42|0x0000000084000000, 0x0000000084000000, 0x0000000084100000|  0%| F|  |TAMS 0x0000000084000000, 0x0000000084000000| Untracked 
|  43|0x0000000084100000, 0x0000000084100000, 0x0000000084200000|  0%| F|  |TAMS 0x0000000084100000, 0x0000000084100000| Untracked 
|  44|0x0000000084200000, 0x0000000084200000, 0x0000000084300000|  0%| F|  |TAMS 0x0000000084200000, 0x0000000084200000| Untracked 
|  45|0x0000000084300000, 0x0000000084300000, 0x0000000084400000|  0%| F|  |TAMS 0x0000000084300000, 0x0000000084300000| Untracked 
|  46|0x0000000084400000, 0x0000000084400000, 0x0000000084500000|  0%| F|  |TAMS 0x0000000084400000, 0x0000000084400000| Untracked 
|  47|0x0000000084500000, 0x0000000084500000, 0x0000000084600000|  0%| F|  |TAMS 0x0000000084500000, 0x0000000084500000| Untracked 
|  48|0x0000000084600000, 0x0000000084600000, 0x0000000084700000|  0%| F|  |TAMS 0x0000000084600000, 0x0000000084600000| Untracked 
|  49|0x0000000084700000, 0x0000000084700000, 0x0000000084800000|  0%| F|  |TAMS 0x0000000084700000, 0x0000000084700000| Untracked 
|  50|0x0000000084800000, 0x0000000084800000, 0x0000000084900000|  0%| F|  |TAMS 0x0000000084800000, 0x0000000084800000| Untracked 
|  51|0x0000000084900000, 0x0000000084900000, 0x0000000084a00000|  0%| F|  |TAMS 0x0000000084900000, 0x0000000084900000| Untracked 
|  52|0x0000000084a00000, 0x0000000084a00000, 0x0000000084b00000|  0%| F|  |TAMS 0x0000000084a00000, 0x0000000084a00000| Untracked 
|  53|0x0000000084b00000, 0x0000000084b00000, 0x0000000084c00000|  0%| F|  |TAMS 0x0000000084b00000, 0x0000000084b00000| Untracked 
|  54|0x0000000084c00000, 0x0000000084c00000, 0x0000000084d00000|  0%| F|  |TAMS 0x0000000084c00000, 0x0000000084c00000| Untracked 
|  55|0x0000000084d00000, 0x0000000084d00000, 0x0000000084e00000|  0%| F|  |TAMS 0x0000000084d00000, 0x0000000084d00000| Untracked 
|  56|0x0000000084e00000, 0x0000000084e00000, 0x0000000084f00000|  0%| F|  |TAMS 0x0000000084e00000, 0x0000000084e00000| Untracked 
|  57|0x0000000084f00000, 0x0000000084f00000, 0x0000000085000000|  0%| F|  |TAMS 0x0000000084f00000, 0x0000000084f00000| Untracked 
|  58|0x0000000085000000, 0x0000000085000000, 0x0000000085100000|  0%| F|  |TAMS 0x0000000085000000, 0x0000000085000000| Untracked 
|  59|0x0000000085100000, 0x0000000085100000, 0x0000000085200000|  0%| F|  |TAMS 0x0000000085100000, 0x0000000085100000| Untracked 
|  60|0x0000000085200000, 0x0000000085200000, 0x0000000085300000|  0%| F|  |TAMS 0x0000000085200000, 0x0000000085200000| Untracked 
|  61|0x0000000085300000, 0x0000000085300000, 0x0000000085400000|  0%| F|  |TAMS 0x0000000085300000, 0x0000000085300000| Untracked 
|  62|0x0000000085400000, 0x0000000085400000, 0x0000000085500000|  0%| F|  |TAMS 0x0000000085400000, 0x0000000085400000| Untracked 
|  63|0x0000000085500000, 0x0000000085500000, 0x0000000085600000|  0%| F|  |TAMS 0x0000000085500000, 0x0000000085500000| Untracked 
|  64|0x0000000085600000, 0x0000000085600000, 0x0000000085700000|  0%| F|  |TAMS 0x0000000085600000, 0x0000000085600000| Untracked 
|  65|0x0000000085700000, 0x0000000085700000, 0x0000000085800000|  0%| F|  |TAMS 0x0000000085700000, 0x0000000085700000| Untracked 
|  66|0x0000000085800000, 0x0000000085800000, 0x0000000085900000|  0%| F|  |TAMS 0x0000000085800000, 0x0000000085800000| Untracked 
|  67|0x0000000085900000, 0x0000000085900000, 0x0000000085a00000|  0%| F|  |TAMS 0x0000000085900000, 0x0000000085900000| Untracked 
|  68|0x0000000085a00000, 0x0000000085a00000, 0x0000000085b00000|  0%| F|  |TAMS 0x0000000085a00000, 0x0000000085a00000| Untracked 
|  69|0x0000000085b00000, 0x0000000085b00000, 0x0000000085c00000|  0%| F|  |TAMS 0x0000000085b00000, 0x0000000085b00000| Untracked 
|  70|0x0000000085c00000, 0x0000000085c00000, 0x0000000085d00000|  0%| F|  |TAMS 0x0000000085c00000, 0x0000000085c00000| Untracked 
|  71|0x0000000085d00000, 0x0000000085d00000, 0x0000000085e00000|  0%| F|  |TAMS 0x0000000085d00000, 0x0000000085d00000| Untracked 
|  72|0x0000000085e00000, 0x0000000085e00000, 0x0000000085f00000|  0%| F|  |TAMS 0x0000000085e00000, 0x0000000085e00000| Untracked 
|  73|0x0000000085f00000, 0x0000000085f00000, 0x0000000086000000|  0%| F|  |TAMS 0x0000000085f00000, 0x0000000085f00000| Untracked 
|  74|0x0000000086000000, 0x0000000086000000, 0x0000000086100000|  0%| F|  |TAMS 0x0000000086000000, 0x0000000086000000| Untracked 
|  75|0x0000000086100000, 0x0000000086100000, 0x0000000086200000|  0%| F|  |TAMS 0x0000000086100000, 0x0000000086100000| Untracked 
|  76|0x0000000086200000, 0x0000000086200000, 0x0000000086300000|  0%| F|  |TAMS 0x0000000086200000, 0x0000000086200000| Untracked 
|  77|0x0000000086300000, 0x0000000086300000, 0x0000000086400000|  0%| F|  |TAMS 0x0000000086300000, 0x0000000086300000| Untracked 
|  78|0x0000000086400000, 0x0000000086400000, 0x0000000086500000|  0%| F|  |TAMS 0x0000000086400000, 0x0000000086400000| Untracked 
|  79|0x0000000086500000, 0x0000000086500000, 0x0000000086600000|  0%| F|  |TAMS 0x0000000086500000, 0x0000000086500000| Untracked 
|  80|0x0000000086600000, 0x0000000086600000, 0x0000000086700000|  0%| F|  |TAMS 0x0000000086600000, 0x0000000086600000| Untracked 
|  81|0x0000000086700000, 0x0000000086700000, 0x0000000086800000|  0%| F|  |TAMS 0x0000000086700000, 0x0000000086700000| Untracked 
|  82|0x0000000086800000, 0x0000000086800000, 0x0000000086900000|  0%| F|  |TAMS 0x0000000086800000, 0x0000000086800000| Untracked 
|  83|0x0000000086900000, 0x0000000086900000, 0x0000000086a00000|  0%| F|  |TAMS 0x0000000086900000, 0x0000000086900000| Untracked 
|  84|0x0000000086a00000, 0x0000000086a00000, 0x0000000086b00000|  0%| F|  |TAMS 0x0000000086a00000, 0x0000000086a00000| Untracked 
|  85|0x0000000086b00000, 0x0000000086b00000, 0x0000000086c00000|  0%| F|  |TAMS 0x0000000086b00000, 0x0000000086b00000| Untracked 
|  86|0x0000000086c00000, 0x0000000086c00000, 0x0000000086d00000|  0%| F|  |TAMS 0x0000000086c00000, 0x0000000086c00000| Untracked 
|  87|0x0000000086d00000, 0x0000000086d00000, 0x0000000086e00000|  0%| F|  |TAMS 0x0000000086d00000, 0x0000000086d00000| Untracked 
|  88|0x0000000086e00000, 0x0000000086e00000, 0x0000000086f00000|  0%| F|  |TAMS 0x0000000086e00000, 0x0000000086e00000| Untracked 
|  89|0x0000000086f00000, 0x0000000086f00000, 0x0000000087000000|  0%| F|  |TAMS 0x0000000086f00000, 0x0000000086f00000| Untracked 
|  90|0x0000000087000000, 0x0000000087000000, 0x0000000087100000|  0%| F|  |TAMS 0x0000000087000000, 0x0000000087000000| Untracked 
|  91|0x0000000087100000, 0x0000000087100000, 0x0000000087200000|  0%| F|  |TAMS 0x0000000087100000, 0x0000000087100000| Untracked 
|  92|0x0000000087200000, 0x0000000087200000, 0x0000000087300000|  0%| F|  |TAMS 0x0000000087200000, 0x0000000087200000| Untracked 
|  93|0x0000000087300000, 0x0000000087300000, 0x0000000087400000|  0%| F|  |TAMS 0x0000000087300000, 0x0000000087300000| Untracked 
|  94|0x0000000087400000, 0x0000000087400000, 0x0000000087500000|  0%| F|  |TAMS 0x0000000087400000, 0x0000000087400000| Untracked 
|  95|0x0000000087500000, 0x0000000087500000, 0x0000000087600000|  0%| F|  |TAMS 0x0000000087500000, 0x0000000087500000| Untracked 
|  96|0x0000000087600000, 0x0000000087600000, 0x0000000087700000|  0%| F|  |TAMS 0x0000000087600000, 0x0000000087600000| Untracked 
|  97|0x0000000087700000, 0x0000000087700000, 0x0000000087800000|  0%| F|  |TAMS 0x0000000087700000, 0x0000000087700000| Untracked 
|  98|0x0000000087800000, 0x0000000087800000, 0x0000000087900000|  0%| F|  |TAMS 0x0000000087800000, 0x0000000087800000| Untracked 
|  99|0x0000000087900000, 0x0000000087900000, 0x0000000087a00000|  0%| F|  |TAMS 0x0000000087900000, 0x0000000087900000| Untracked 
| 100|0x0000000087a00000, 0x0000000087a00000, 0x0000000087b00000|  0%| F|  |TAMS 0x0000000087a00000, 0x0000000087a00000| Untracked 
| 101|0x0000000087b00000, 0x0000000087b00000, 0x0000000087c00000|  0%| F|  |TAMS 0x0000000087b00000, 0x0000000087b00000| Untracked 
| 102|0x0000000087c00000, 0x0000000087c00000, 0x0000000087d00000|  0%| F|  |TAMS 0x0000000087c00000, 0x0000000087c00000| Untracked 
| 103|0x0000000087d00000, 0x0000000087d00000, 0x0000000087e00000|  0%| F|  |TAMS 0x0000000087d00000, 0x0000000087d00000| Untracked 
| 104|0x0000000087e00000, 0x0000000087e00000, 0x0000000087f00000|  0%| F|  |TAMS 0x0000000087e00000, 0x0000000087e00000| Untracked 
| 105|0x0000000087f00000, 0x0000000087f00000, 0x0000000088000000|  0%| F|  |TAMS 0x0000000087f00000, 0x0000000087f00000| Untracked 
| 106|0x0000000088000000, 0x0000000088000000, 0x0000000088100000|  0%| F|  |TAMS 0x0000000088000000, 0x0000000088000000| Untracked 
| 107|0x0000000088100000, 0x0000000088100000, 0x0000000088200000|  0%| F|  |TAMS 0x0000000088100000, 0x0000000088100000| Untracked 
| 108|0x0000000088200000, 0x0000000088200000, 0x0000000088300000|  0%| F|  |TAMS 0x0000000088200000, 0x0000000088200000| Untracked 
| 109|0x0000000088300000, 0x0000000088300000, 0x0000000088400000|  0%| F|  |TAMS 0x0000000088300000, 0x0000000088300000| Untracked 
| 110|0x0000000088400000, 0x0000000088400000, 0x0000000088500000|  0%| F|  |TAMS 0x0000000088400000, 0x0000000088400000| Untracked 
| 111|0x0000000088500000, 0x0000000088500000, 0x0000000088600000|  0%| F|  |TAMS 0x0000000088500000, 0x0000000088500000| Untracked 
| 112|0x0000000088600000, 0x0000000088600000, 0x0000000088700000|  0%| F|  |TAMS 0x0000000088600000, 0x0000000088600000| Untracked 
| 113|0x0000000088700000, 0x0000000088700000, 0x0000000088800000|  0%| F|  |TAMS 0x0000000088700000, 0x0000000088700000| Untracked 
| 114|0x0000000088800000, 0x00000000888936b8, 0x0000000088900000| 57%| E|  |TAMS 0x0000000088800000, 0x0000000088800000| Complete 
| 115|0x0000000088900000, 0x0000000088a00000, 0x0000000088a00000|100%| E|CS|TAMS 0x0000000088900000, 0x0000000088900000| Complete 
| 116|0x0000000088a00000, 0x0000000088b00000, 0x0000000088b00000|100%| E|CS|TAMS 0x0000000088a00000, 0x0000000088a00000| Complete 
| 117|0x0000000088b00000, 0x0000000088b0d7a0, 0x0000000088c00000|  5%| S|CS|TAMS 0x0000000088b00000, 0x0000000088b00000| Complete 
| 118|0x0000000088c00000, 0x0000000088d00000, 0x0000000088d00000|100%| S|CS|TAMS 0x0000000088c00000, 0x0000000088c00000| Complete 
| 119|0x0000000088d00000, 0x0000000088e00000, 0x0000000088e00000|100%| E|CS|TAMS 0x0000000088d00000, 0x0000000088d00000| Complete 
| 120|0x0000000088e00000, 0x0000000088f00000, 0x0000000088f00000|100%| E|CS|TAMS 0x0000000088e00000, 0x0000000088e00000| Complete 
| 121|0x0000000088f00000, 0x0000000089000000, 0x0000000089000000|100%| E|CS|TAMS 0x0000000088f00000, 0x0000000088f00000| Complete 
| 122|0x0000000089000000, 0x0000000089100000, 0x0000000089100000|100%| E|CS|TAMS 0x0000000089000000, 0x0000000089000000| Complete 
| 123|0x0000000089100000, 0x0000000089200000, 0x0000000089200000|100%| E|CS|TAMS 0x0000000089100000, 0x0000000089100000| Complete 
| 124|0x0000000089200000, 0x0000000089300000, 0x0000000089300000|100%| E|CS|TAMS 0x0000000089200000, 0x0000000089200000| Complete 
| 125|0x0000000089300000, 0x0000000089400000, 0x0000000089400000|100%| E|CS|TAMS 0x0000000089300000, 0x0000000089300000| Complete 
| 126|0x0000000089400000, 0x0000000089500000, 0x0000000089500000|100%| E|CS|TAMS 0x0000000089400000, 0x0000000089400000| Complete 
| 127|0x0000000089500000, 0x0000000089600000, 0x0000000089600000|100%| E|CS|TAMS 0x0000000089500000, 0x0000000089500000| Complete 

Card table byte_map: [0x0000021bc5e90000,0x0000021bc6290000] _byte_map_base: 0x0000021bc5a85000

Marking Bits (Prev, Next): (CMBitMap*) 0x0000021baf369d40, (CMBitMap*) 0x0000021baf369d80
 Prev Bits: [0x0000021bc6690000, 0x0000021bc8638000)
 Next Bits: [0x0000021bc8640000, 0x0000021bca5e8000)

Polling page: 0x0000021bad330000

Metaspace:

Usage:
  Non-class:      7.09 MB used.
      Class:   1007.00 KB used.
       Both:      8.07 MB used.

Virtual space:
  Non-class space:        8.00 MB reserved,       7.19 MB ( 90%) committed,  1 nodes.
      Class space:        1.00 GB reserved,       1.06 MB ( <1%) committed,  1 nodes.
              Both:        1.01 GB reserved,       8.25 MB ( <1%) committed. 

Chunk freelists:
   Non-Class:  256.00 KB
       Class:  2.81 MB
        Both:  3.06 MB

MaxMetaspaceSize: 17179869184.00 GB
CompressedClassSpaceSize: 1.00 GB
 - commit_granule_bytes: 65536.
 - commit_granule_words: 8192.
 - virtual_space_node_default_size: 1048576.
 - enlarge_chunks_in_place: 1.
 - new_chunks_are_fully_committed: 0.
 - uncommit_free_chunks: 1.
 - use_allocation_guard: 0.
 - handle_deallocations: 1.


Internal statistics:

num_allocs_failed_limit: 0.
num_arena_births: 142.
num_arena_deaths: 0.
num_vsnodes_births: 2.
num_vsnodes_deaths: 0.
num_space_committed: 132.
num_space_uncommitted: 0.
num_chunks_returned_to_freelist: 0.
num_chunks_taken_from_freelist: 372.
num_chunk_merges: 0.
num_chunk_splits: 229.
num_chunks_enlarged: 176.
num_purges: 0.

CodeHeap 'non-profiled nmethods': size=120000Kb used=593Kb max_used=593Kb free=119407Kb
 bounds [0x0000021bbe560000, 0x0000021bbe7d0000, 0x0000021bc5a90000]
CodeHeap 'profiled nmethods': size=120000Kb used=2908Kb max_used=2908Kb free=117091Kb
 bounds [0x0000021bb7030000, 0x0000021bb7310000, 0x0000021bbe560000]
CodeHeap 'non-nmethods': size=5760Kb used=1190Kb max_used=1215Kb free=4570Kb
 bounds [0x0000021bb6a90000, 0x0000021bb6d00000, 0x0000021bb7030000]
 total_blobs=2072 nmethods=1591 adapters=394
 compilation: enabled
              stopped_count=0, restarted_count=0
 full_count=0

Compilation events (20 events):
Event: 6.693 Thread 0x0000021bcca81350 nmethod 1563 0x0000021bb72f7010 code [0x0000021bb72f7200, 0x0000021bb72f7878]
Event: 6.698 Thread 0x0000021bcca7f850 1566       4       org.springframework.util.Assert::notNull (14 bytes)
Event: 6.699 Thread 0x0000021bcca7f850 nmethod 1566 0x0000021bbe5f3e10 code [0x0000021bbe5f3f80, 0x0000021bbe5f3ff8]
Event: 6.702 Thread 0x0000021bcca81350 1567       3       org.springframework.boot.context.properties.source.ConfigurationPropertyName$Elements::newResolved (32 bytes)
Event: 6.703 Thread 0x0000021bcca81350 nmethod 1567 0x0000021bb72f7a90 code [0x0000021bb72f7c40, 0x0000021bb72f7f88]
Event: 6.703 Thread 0x0000021bcca7f850 1568       4       org.springframework.boot.context.properties.source.ConfigurationPropertyName$ElementsParser::parse (234 bytes)
Event: 6.704 Thread 0x0000021bcca81350 1570       3       org.springframework.boot.context.properties.source.ConfigurationPropertyName::adapt (53 bytes)
Event: 6.704 Thread 0x0000021bcca81350 nmethod 1570 0x0000021bb72f8090 code [0x0000021bb72f82c0, 0x0000021bb72f8af8]
Event: 6.705 Thread 0x0000021bcca81350 1571       3       java.lang.invoke.Invokers$Holder::linkToTargetMethod (10 bytes)
Event: 6.705 Thread 0x0000021bcca81350 nmethod 1571 0x0000021bb72f8d90 code [0x0000021bb72f8f40, 0x0000021bb72f93b8]
Event: 6.705 Thread 0x0000021bcca81350 1572       3       java.lang.invoke.DirectMethodHandle$Holder::newInvokeSpecial (24 bytes)
Event: 6.706 Thread 0x0000021bcca81350 nmethod 1572 0x0000021bb72f9490 code [0x0000021bb72f9680, 0x0000021bb72f9e88]
Event: 6.707 Thread 0x0000021bcca81350 1573       3       org.springframework.boot.context.properties.source.ConfigurationPropertyName$Elements::chop (32 bytes)
Event: 6.707 Thread 0x0000021bcca81350 nmethod 1573 0x0000021bb72fa090 code [0x0000021bb72fa240, 0x0000021bb72fa458]
Event: 6.765 Thread 0x0000021bcca81350 1574   !   3       jdk.internal.loader.BuiltinClassLoader$2::run (114 bytes)
Event: 6.767 Thread 0x0000021bcca81350 nmethod 1574 0x0000021bb72fa590 code [0x0000021bb72fa840, 0x0000021bb72fb6d8]
Event: 6.767 Thread 0x0000021bcca81350 1575       3       org.springframework.boot.context.properties.source.SoftReferenceConfigurationPropertyCache::getValue (8 bytes)
Event: 6.767 Thread 0x0000021bcca81350 nmethod 1575 0x0000021bb72fbb90 code [0x0000021bb72fbd40, 0x0000021bb72fbf08]
Event: 6.767 Thread 0x0000021bcca81350 1576       3       org.springframework.boot.context.properties.source.SoftReferenceConfigurationPropertyCache::get (67 bytes)
Event: 6.771 Thread 0x0000021bcca81350 nmethod 1576 0x0000021bb72fc010 code [0x0000021bb72fc3c0, 0x0000021bb72fdf58]

GC Heap History (4 events):
Event: 3.319 GC heap before
{Heap before GC invocations=0 (full 0):
 garbage-first heap   total 131072K, used 14336K [0x0000000081600000, 0x0000000100000000)
  region size 1024K, 13 young (13312K), 0 survivors (0K)
 Metaspace       used 2776K, committed 2944K, reserved 1056768K
  class space    used 248K, committed 320K, reserved 1048576K
}
Event: 3.356 GC heap after
{Heap after GC invocations=1 (full 0):
 garbage-first heap   total 131072K, used 6574K [0x0000000081600000, 0x0000000100000000)
  region size 1024K, 2 young (2048K), 2 survivors (2048K)
 Metaspace       used 2776K, committed 2944K, reserved 1056768K
  class space    used 248K, committed 320K, reserved 1048576K
}
Event: 4.932 GC heap before
{Heap before GC invocations=1 (full 0):
 garbage-first heap   total 131072K, used 15790K [0x0000000081600000, 0x0000000100000000)
  region size 1024K, 11 young (11264K), 2 survivors (2048K)
 Metaspace       used 5617K, committed 5760K, reserved 1056768K
  class space    used 601K, committed 640K, reserved 1048576K
}
Event: 4.938 GC heap after
{Heap after GC invocations=2 (full 0):
 garbage-first heap   total 131072K, used 7682K [0x0000000081600000, 0x0000000100000000)
  region size 1024K, 2 young (2048K), 2 survivors (2048K)
 Metaspace       used 5617K, committed 5760K, reserved 1056768K
  class space    used 601K, committed 640K, reserved 1048576K
}

Deoptimization events (20 events):
Event: 4.864 Thread 0x0000021baf329bb0 Uncommon trap: trap_request=0xffffff45 fr.pc=0x0000021bbe5bd604 relative=0x00000000000000e4
Event: 4.864 Thread 0x0000021baf329bb0 Uncommon trap: reason=unstable_if action=reinterpret pc=0x0000021bbe5bd604 method=java.util.HashMap.hash(Ljava/lang/Object;)I @ 1 c2
Event: 4.864 Thread 0x0000021baf329bb0 DEOPT PACKING pc=0x0000021bbe5bd604 sp=0x0000004d975fe140
Event: 4.864 Thread 0x0000021baf329bb0 DEOPT UNPACKING pc=0x0000021bb6add728 sp=0x0000004d975fe080 mode 2
Event: 5.369 Thread 0x0000021baf329bb0 Uncommon trap: trap_request=0xffffffde fr.pc=0x0000021bbe5de0cc relative=0x000000000000012c
Event: 5.369 Thread 0x0000021baf329bb0 Uncommon trap: reason=class_check action=maybe_recompile pc=0x0000021bbe5de0cc method=jdk.internal.misc.Unsafe.allocateUninitializedArray(Ljava/lang/Class;I)Ljava/lang/Object; @ 51 c2
Event: 5.369 Thread 0x0000021baf329bb0 DEOPT PACKING pc=0x0000021bbe5de0cc sp=0x0000004d975fddb0
Event: 5.369 Thread 0x0000021baf329bb0 DEOPT UNPACKING pc=0x0000021bb6add728 sp=0x0000004d975fdd38 mode 2
Event: 5.369 Thread 0x0000021baf329bb0 Uncommon trap: trap_request=0xffffffde fr.pc=0x0000021bbe5de0cc relative=0x000000000000012c
Event: 5.369 Thread 0x0000021baf329bb0 Uncommon trap: reason=class_check action=maybe_recompile pc=0x0000021bbe5de0cc method=jdk.internal.misc.Unsafe.allocateUninitializedArray(Ljava/lang/Class;I)Ljava/lang/Object; @ 51 c2
Event: 5.369 Thread 0x0000021baf329bb0 DEOPT PACKING pc=0x0000021bbe5de0cc sp=0x0000004d975fd9b0
Event: 5.369 Thread 0x0000021baf329bb0 DEOPT UNPACKING pc=0x0000021bb6add728 sp=0x0000004d975fd938 mode 2
Event: 5.371 Thread 0x0000021baf329bb0 Uncommon trap: trap_request=0xffffffde fr.pc=0x0000021bbe5de0cc relative=0x000000000000012c
Event: 5.371 Thread 0x0000021baf329bb0 Uncommon trap: reason=class_check action=maybe_recompile pc=0x0000021bbe5de0cc method=jdk.internal.misc.Unsafe.allocateUninitializedArray(Ljava/lang/Class;I)Ljava/lang/Object; @ 51 c2
Event: 5.371 Thread 0x0000021baf329bb0 DEOPT PACKING pc=0x0000021bbe5de0cc sp=0x0000004d975fdc90
Event: 5.371 Thread 0x0000021baf329bb0 DEOPT UNPACKING pc=0x0000021bb6add728 sp=0x0000004d975fdc18 mode 2
Event: 5.371 Thread 0x0000021baf329bb0 Uncommon trap: trap_request=0xffffffde fr.pc=0x0000021bbe5de0cc relative=0x000000000000012c
Event: 5.371 Thread 0x0000021baf329bb0 Uncommon trap: reason=class_check action=maybe_recompile pc=0x0000021bbe5de0cc method=jdk.internal.misc.Unsafe.allocateUninitializedArray(Ljava/lang/Class;I)Ljava/lang/Object; @ 51 c2
Event: 5.371 Thread 0x0000021baf329bb0 DEOPT PACKING pc=0x0000021bbe5de0cc sp=0x0000004d975fd890
Event: 5.371 Thread 0x0000021baf329bb0 DEOPT UNPACKING pc=0x0000021bb6add728 sp=0x0000004d975fd818 mode 2

Classes unloaded (0 events):
No events

Classes redefined (0 events):
No events

Internal exceptions (20 events):
Event: 5.068 Thread 0x0000021baf329bb0 Exception <a 'java/lang/NoSuchMethodError'{0x0000000089456fa0}: 'int java.lang.invoke.DirectMethodHandle$Holder.invokeSpecial(java.lang.Object, java.lang.Object, java.lang.Object)'> (0x0000000089456fa0) 
thrown [t:\workspace\open\src\hotspot\share\interpreter\linkResolver.cpp, line 790]
Event: 5.094 Thread 0x0000021baf329bb0 Exception <a 'java/lang/NoSuchMethodError'{0x000000008949bc00}: 'int java.lang.invoke.DirectMethodHandle$Holder.invokeSpecial(java.lang.Object, java.lang.Object, java.lang.Object, java.lang.Object)'> (0x000000008949bc00) 
thrown [t:\workspace\open\src\hotspot\share\interpreter\linkResolver.cpp, line 790]
Event: 5.226 Thread 0x0000021baf329bb0 Exception <a 'java/lang/NoSuchMethodError'{0x00000000892283a8}: 'java.lang.Object java.lang.invoke.DirectMethodHandle$Holder.newInvokeSpecial(java.lang.Object, java.lang.Object, java.lang.Object, java.lang.Object, java.lang.Object, java.lang.Object)'> (0x00000000892283a8) 
thrown [t:\workspace\open\src\hotspot\share\interpreter\linkResolver.cpp, line 790]
Event: 5.295 Thread 0x0000021baf329bb0 Exception <a 'java/lang/NoSuchMethodError'{0x00000000892dcad0}: 'java.lang.Object java.lang.invoke.DirectMethodHandle$Holder.invokeSpecial(java.lang.Object, java.lang.Object, java.lang.Object, java.lang.Object, java.lang.Object, java.lang.Object, int)'> (0x00000000892dcad0) 
thrown [t:\workspace\open\src\hotspot\share\interpreter\linkResolver.cpp, line 790]
Event: 5.298 Thread 0x0000021baf329bb0 Exception <a 'java/lang/NoSuchMethodError'{0x00000000892e7c28}: 'java.lang.Object java.lang.invoke.DirectMethodHandle$Holder.newInvokeSpecial(java.lang.Object, java.lang.Object, java.lang.Object, java.lang.Object, java.lang.Object, java.lang.Object, int)'> (0x00000000892e7c28) 
thrown [t:\workspace\open\src\hotspot\share\interpreter\linkResolver.cpp, line 790]
Event: 5.299 Thread 0x0000021baf329bb0 Exception <a 'java/lang/NoSuchMethodError'{0x00000000892ecd80}: 'java.lang.Object java.lang.invoke.DirectMethodHandle$Holder.invokeSpecial(java.lang.Object, java.lang.Object, java.lang.Object, java.lang.Object, java.lang.Object, java.lang.Object, java.lang.Object, int)'> (0x00000000892ecd80) 
thrown [t:\workspace\open\src\hotspot\share\interpreter\linkResolver.cpp, line 790]
Event: 5.404 Thread 0x0000021baf329bb0 Exception <a 'java/lang/NoSuchMethodError'{0x000000008900f448}: 'int java.lang.invoke.DirectMethodHandle$Holder.invokeInterface(java.lang.Object, java.lang.Object)'> (0x000000008900f448) 
thrown [t:\workspace\open\src\hotspot\share\interpreter\linkResolver.cpp, line 790]
Event: 5.474 Thread 0x0000021baf329bb0 Exception <a 'java/lang/NoSuchMethodError'{0x00000000890a32d8}: 'int java.lang.invoke.DirectMethodHandle$Holder.invokeVirtual(java.lang.Object, java.lang.Object)'> (0x00000000890a32d8) 
thrown [t:\workspace\open\src\hotspot\share\interpreter\linkResolver.cpp, line 790]
Event: 5.538 Thread 0x0000021baf329bb0 Exception <a 'java/lang/NoSuchMethodError'{0x0000000088f25f58}: 'java.lang.Object java.lang.invoke.DirectMethodHandle$Holder.invokeSpecial(java.lang.Object, java.lang.Object, java.lang.Object, int, java.lang.Object)'> (0x0000000088f25f58) 
thrown [t:\workspace\open\src\hotspot\share\interpreter\linkResolver.cpp, line 790]
Event: 5.540 Thread 0x0000021baf329bb0 Exception <a 'java/lang/NoSuchMethodError'{0x0000000088f2ec90}: 'java.lang.Object java.lang.invoke.DirectMethodHandle$Holder.newInvokeSpecial(java.lang.Object, java.lang.Object, java.lang.Object, int, java.lang.Object)'> (0x0000000088f2ec90) 
thrown [t:\workspace\open\src\hotspot\share\interpreter\linkResolver.cpp, line 790]
Event: 5.549 Thread 0x0000021baf329bb0 Exception <a 'java/lang/NoSuchMethodError'{0x0000000088f36978}: 'java.lang.Object java.lang.invoke.Invokers$Holder.linkToTargetMethod(java.lang.Object, java.lang.Object, int, java.lang.Object, java.lang.Object)'> (0x0000000088f36978) 
thrown [t:\workspace\open\src\hotspot\share\interpreter\linkResolver.cpp, line 790]
Event: 5.598 Thread 0x0000021baf329bb0 Exception <a 'java/lang/NoSuchMethodError'{0x0000000088f46b78}: 'java.lang.Object java.lang.invoke.DirectMethodHandle$Holder.newInvokeSpecial(java.lang.Object, int, java.lang.Object)'> (0x0000000088f46b78) 
thrown [t:\workspace\open\src\hotspot\share\interpreter\linkResolver.cpp, line 790]
Event: 5.600 Thread 0x0000021baf329bb0 Exception <a 'java/lang/NoSuchMethodError'{0x0000000088f4b978}: 'int java.lang.invoke.DirectMethodHandle$Holder.invokeSpecialIFC(java.lang.Object, java.lang.Object, java.lang.Object, java.lang.Object)'> (0x0000000088f4b978) 
thrown [t:\workspace\open\src\hotspot\share\interpreter\linkResolver.cpp, line 790]
Event: 5.697 Thread 0x0000021baf329bb0 Exception <a 'java/lang/NoSuchMethodError'{0x0000000088e04cc0}: 'java.lang.Object java.lang.invoke.DirectMethodHandle$Holder.invokeInterface(java.lang.Object, java.lang.Object)'> (0x0000000088e04cc0) 
thrown [t:\workspace\open\src\hotspot\share\interpreter\linkResolver.cpp, line 790]
Event: 5.705 Thread 0x0000021baf329bb0 Exception <a 'java/lang/NoSuchMethodError'{0x0000000088e15910}: 'void java.lang.invoke.DirectMethodHandle$Holder.invokeInterface(java.lang.Object, java.lang.Object, java.lang.Object)'> (0x0000000088e15910) 
thrown [t:\workspace\open\src\hotspot\share\interpreter\linkResolver.cpp, line 790]
Event: 5.860 Thread 0x0000021baf329bb0 Exception <a 'java/lang/NoSuchMethodError'{0x0000000088e9f6d0}: 'void java.lang.invoke.DirectMethodHandle$Holder.invokeStaticInit(java.lang.Object, java.lang.Object)'> (0x0000000088e9f6d0) 
thrown [t:\workspace\open\src\hotspot\share\interpreter\linkResolver.cpp, line 790]
Event: 5.895 Thread 0x0000021baf329bb0 Exception <a 'java/lang/NoSuchMethodError'{0x0000000088eacb60}: 'void java.lang.invoke.DirectMethodHandle$Holder.invokeStaticInit(java.lang.Object, java.lang.Object, java.lang.Object)'> (0x0000000088eacb60) 
thrown [t:\workspace\open\src\hotspot\share\interpreter\linkResolver.cpp, line 790]
Event: 5.956 Thread 0x0000021baf329bb0 Exception <a 'java/lang/NoSuchMethodError'{0x0000000088ecee40}: 'java.lang.Object java.lang.invoke.DirectMethodHandle$Holder.invokeStaticInit(java.lang.Object, java.lang.Object, java.lang.Object)'> (0x0000000088ecee40) 
thrown [t:\workspace\open\src\hotspot\share\interpreter\linkResolver.cpp, line 790]
Event: 6.279 Thread 0x0000021baf329bb0 Exception <a 'java/lang/NoSuchMethodError'{0x0000000088d6b8e0}: 'void java.lang.invoke.DirectMethodHandle$Holder.invokeVirtual(java.lang.Object, java.lang.Object, java.lang.Object, java.lang.Object)'> (0x0000000088d6b8e0) 
thrown [t:\workspace\open\src\hotspot\share\interpreter\linkResolver.cpp, line 790]
Event: 6.686 Thread 0x0000021baf329bb0 Exception <a 'java/lang/NoSuchMethodError'{0x0000000088accf88}: 'void java.lang.invoke.DirectMethodHandle$Holder.invokeSpecial(java.lang.Object, java.lang.Object, java.lang.Object, java.lang.Object, java.lang.Object)'> (0x0000000088accf88) 
thrown [t:\workspace\open\src\hotspot\share\interpreter\linkResolver.cpp, line 790]

Events (20 events):
Event: 6.138 loading class java/net/InetAddress$CachedAddresses done
Event: 6.141 loading class java/util/concurrent/atomic/Striped64$1
Event: 6.141 loading class java/util/concurrent/atomic/Striped64$1 done
Event: 6.141 loading class java/net/InetAddress$CachedLocalHost
Event: 6.141 loading class java/net/InetAddress$CachedLocalHost done
Event: 6.383 loading class java/util/Stack
Event: 6.383 loading class java/util/Stack done
Event: 6.436 loading class java/util/Vector$Itr
Event: 6.437 loading class java/util/Vector$Itr done
Event: 6.474 Executing  VM operation: Cleanup
Event: 6.474 Executing  VM operation: Cleanup done
Event: 6.697 Thread 0x0000021bce7b3cd0 Thread added: 0x0000021bce7b3cd0
Event: 6.710 loading class java/io/UnsupportedEncodingException
Event: 6.710 loading class java/io/UnsupportedEncodingException done
Event: 6.771 loading class java/io/Console
Event: 6.772 loading class java/io/Console done
Event: 6.772 loading class java/io/Console$2
Event: 6.772 loading class jdk/internal/access/JavaIOAccess
Event: 6.772 loading class jdk/internal/access/JavaIOAccess done
Event: 6.772 loading class java/io/Console$2 done


Dynamic libraries:
0x00007ff660290000 - 0x00007ff66029e000 	C:\Users\Programacion\.jdks\openjdk-16.0.1\bin\java.exe
0x00007ffe1a950000 - 0x00007ffe1ab45000 	C:\WINDOWS\SYSTEM32\ntdll.dll
0x00007ffe18d60000 - 0x00007ffe18e1e000 	C:\WINDOWS\System32\KERNEL32.DLL
0x00007ffe181a0000 - 0x00007ffe18469000 	C:\WINDOWS\System32\KERNELBASE.dll
0x00007ffe18070000 - 0x00007ffe18170000 	C:\WINDOWS\System32\ucrtbase.dll
0x00007ffdefc80000 - 0x00007ffdefc98000 	C:\Users\Programacion\.jdks\openjdk-16.0.1\bin\jli.dll
0x00007ffe19d60000 - 0x00007ffe19f01000 	C:\WINDOWS\System32\USER32.dll
0x00007ffe18170000 - 0x00007ffe18192000 	C:\WINDOWS\System32\win32u.dll
0x00007ffe195c0000 - 0x00007ffe195eb000 	C:\WINDOWS\System32\GDI32.dll
0x00007ffe18690000 - 0x00007ffe1879b000 	C:\WINDOWS\System32\gdi32full.dll
0x00007ffe18900000 - 0x00007ffe1899d000 	C:\WINDOWS\System32\msvcp_win.dll
0x00007ffddb3a0000 - 0x00007ffddb3b9000 	C:\Users\Programacion\.jdks\openjdk-16.0.1\bin\VCRUNTIME140.dll
0x00007ffdffa10000 - 0x00007ffdffcaa000 	C:\WINDOWS\WinSxS\amd64_microsoft.windows.common-controls_6595b64144ccf1df_6.0.19041.1110_none_60b5254171f9507e\COMCTL32.dll
0x00007ffe18b80000 - 0x00007ffe18c1e000 	C:\WINDOWS\System32\msvcrt.dll
0x00007ffe18c80000 - 0x00007ffe18cb0000 	C:\WINDOWS\System32\IMM32.DLL
0x00007ffdf1900000 - 0x00007ffdf190c000 	C:\Users\Programacion\.jdks\openjdk-16.0.1\bin\vcruntime140_1.dll
0x00007ffdd70e0000 - 0x00007ffdd7171000 	C:\Users\Programacion\.jdks\openjdk-16.0.1\bin\msvcp140.dll
0x00007ffd91ee0000 - 0x00007ffd92a8b000 	C:\Users\Programacion\.jdks\openjdk-16.0.1\bin\server\jvm.dll
0x00007ffe18cb0000 - 0x00007ffe18d5c000 	C:\WINDOWS\System32\ADVAPI32.dll
0x00007ffe1a0b0000 - 0x00007ffe1a14b000 	C:\WINDOWS\System32\sechost.dll
0x00007ffe19f80000 - 0x00007ffe1a0aa000 	C:\WINDOWS\System32\RPCRT4.dll
0x00007ffe1a8f0000 - 0x00007ffe1a8f8000 	C:\WINDOWS\System32\PSAPI.DLL
0x00007ffe02200000 - 0x00007ffe02209000 	C:\WINDOWS\SYSTEM32\WSOCK32.dll
0x00007ffe19cf0000 - 0x00007ffe19d5b000 	C:\WINDOWS\System32\WS2_32.dll
0x00007ffe024d0000 - 0x00007ffe024f7000 	C:\WINDOWS\SYSTEM32\WINMM.dll
0x00007ffe107f0000 - 0x00007ffe107fa000 	C:\WINDOWS\SYSTEM32\VERSION.dll
0x00007ffe168b0000 - 0x00007ffe168c2000 	C:\WINDOWS\SYSTEM32\kernel.appcore.dll
0x00007ffdf1860000 - 0x00007ffdf186a000 	C:\Users\Programacion\.jdks\openjdk-16.0.1\bin\jimage.dll
0x00007ffe16540000 - 0x00007ffe16724000 	C:\WINDOWS\SYSTEM32\DBGHELP.DLL
0x00007ffe096c0000 - 0x00007ffe096ec000 	C:\WINDOWS\SYSTEM32\dbgcore.DLL
0x00007ffe18520000 - 0x00007ffe185a3000 	C:\WINDOWS\System32\bcryptPrimitives.dll
0x00007ffdf0680000 - 0x00007ffdf068e000 	C:\Users\Programacion\.jdks\openjdk-16.0.1\bin\instrument.dll
0x00007ffddb370000 - 0x00007ffddb395000 	C:\Users\Programacion\.jdks\openjdk-16.0.1\bin\java.dll
0x00007ffe18e20000 - 0x00007ffe1955f000 	C:\WINDOWS\System32\SHELL32.dll
0x00007ffe15c90000 - 0x00007ffe16420000 	C:\WINDOWS\SYSTEM32\windows.storage.dll
0x00007ffe19870000 - 0x00007ffe19bc5000 	C:\WINDOWS\System32\combase.dll
0x00007ffe179f0000 - 0x00007ffe17a1c000 	C:\WINDOWS\SYSTEM32\Wldp.dll
0x00007ffe1a150000 - 0x00007ffe1a1fd000 	C:\WINDOWS\System32\SHCORE.dll
0x00007ffe19560000 - 0x00007ffe195b5000 	C:\WINDOWS\System32\shlwapi.dll
0x00007ffe17fb0000 - 0x00007ffe17fcf000 	C:\WINDOWS\SYSTEM32\profapi.dll
0x00007ffdd8900000 - 0x00007ffdd8918000 	C:\Users\Programacion\.jdks\openjdk-16.0.1\bin\zip.dll
0x00007ffddabe0000 - 0x00007ffddabf9000 	C:\Users\Programacion\.jdks\openjdk-16.0.1\bin\net.dll
0x00007ffe079f0000 - 0x00007ffe07af8000 	C:\WINDOWS\SYSTEM32\WINHTTP.dll
0x00007ffe17730000 - 0x00007ffe1779a000 	C:\WINDOWS\system32\mswsock.dll
0x00007ffdd92c0000 - 0x00007ffdd92d3000 	C:\Users\Programacion\.jdks\openjdk-16.0.1\bin\nio.dll
0x00007ffdd8540000 - 0x00007ffdd855a000 	C:\Program Files\JetBrains\IntelliJ IDEA Community Edition 2021.1.1\bin\breakgen64.dll
0x00007ffdf0870000 - 0x00007ffdf0880000 	C:\Users\Programacion\.jdks\openjdk-16.0.1\bin\verify.dll
0x00007ffdf0370000 - 0x00007ffdf0379000 	C:\Users\Programacion\.jdks\openjdk-16.0.1\bin\management.dll
0x00007ffdf0090000 - 0x00007ffdf009b000 	C:\Users\Programacion\.jdks\openjdk-16.0.1\bin\management_ext.dll
0x00007ffdf5280000 - 0x00007ffdf5297000 	C:\WINDOWS\system32\napinsp.dll
0x00007ffdf5260000 - 0x00007ffdf527b000 	C:\WINDOWS\system32\pnrpnsp.dll
0x00007ffe120d0000 - 0x00007ffe120e5000 	C:\WINDOWS\system32\wshbth.dll
0x00007ffe09a70000 - 0x00007ffe09a8d000 	C:\WINDOWS\system32\NLAapi.dll
0x00007ffe17410000 - 0x00007ffe1744b000 	C:\WINDOWS\SYSTEM32\IPHLPAPI.DLL
0x00007ffe17450000 - 0x00007ffe1751c000 	C:\WINDOWS\SYSTEM32\DNSAPI.dll
0x00007ffe1a900000 - 0x00007ffe1a908000 	C:\WINDOWS\System32\NSI.dll
0x00007ffdf5240000 - 0x00007ffdf5252000 	C:\WINDOWS\System32\winrnr.dll
0x000000006d520000 - 0x000000006d546000 	C:\Program Files\Bonjour\mdnsNSP.dll
0x00007ffe03d50000 - 0x00007ffe03d5a000 	C:\Windows\System32\rasadhlp.dll
0x00007ffe04540000 - 0x00007ffe045bf000 	C:\WINDOWS\System32\fwpuclnt.dll
0x00007ffe18660000 - 0x00007ffe18687000 	C:\WINDOWS\System32\bcrypt.dll

dbghelp: loaded successfully - version: 4.0.5 - missing functions: none
symbol engine: initialized successfully - sym options: 0x614 - pdb path: .;C:\Users\Programacion\.jdks\openjdk-16.0.1\bin;C:\WINDOWS\SYSTEM32;C:\WINDOWS\WinSxS\amd64_microsoft.windows.common-controls_6595b64144ccf1df_6.0.19041.1110_none_60b5254171f9507e;C:\Users\Programacion\.jdks\openjdk-16.0.1\bin\server;C:\Program Files\JetBrains\IntelliJ IDEA Community Edition 2021.1.1\bin;C:\Program Files\Bonjour

VM Arguments:
jvm_args: -javaagent:C:\Program Files\JetBrains\IntelliJ IDEA Community Edition 2021.1.1\lib\idea_rt.jar=49613:C:\Program Files\JetBrains\IntelliJ IDEA Community Edition 2021.1.1\bin -Dfile.encoding=UTF-8 
java_command: com.grupo3.Proyecto.Integrador.Application
java_class_path (initial): C:\Users\Programacion\Documents\CertifiedTech_DH\BIMESTRE4\Sprint01\grupo-3\Backend\Proyecto.Integrador.Grupo3\target\classes;C:\Users\Programacion\.m2\repository\org\springframework\boot\spring-boot-starter-data-jpa\2.5.5\spring-boot-starter-data-jpa-2.5.5.jar;C:\Users\Programacion\.m2\repository\org\springframework\boot\spring-boot-starter-aop\2.5.5\spring-boot-starter-aop-2.5.5.jar;C:\Users\Programacion\.m2\repository\org\aspectj\aspectjweaver\1.9.7\aspectjweaver-1.9.7.jar;C:\Users\Programacion\.m2\repository\org\springframework\boot\spring-boot-starter-jdbc\2.5.5\spring-boot-starter-jdbc-2.5.5.jar;C:\Users\Programacion\.m2\repository\com\zaxxer\HikariCP\4.0.3\HikariCP-4.0.3.jar;C:\Users\Programacion\.m2\repository\org\springframework\spring-jdbc\5.3.10\spring-jdbc-5.3.10.jar;C:\Users\Programacion\.m2\repository\jakarta\transaction\jakarta.transaction-api\1.3.3\jakarta.transaction-api-1.3.3.jar;C:\Users\Programacion\.m2\repository\jakarta\persistence\jakarta.persistence-api\2.2.3\jakarta.persistence-api-2.2.3.jar;C:\Users\Programacion\.m2\repository\org\hibernate\hibernate-core\5.4.32.Final\hibernate-core-5.4.32.Final.jar;C:\Users\Programacion\.m2\repository\org\javassist\javassist\3.27.0-GA\javassist-3.27.0-GA.jar;C:\Users\Programacion\.m2\repository\net\bytebuddy\byte-buddy\1.10.22\byte-buddy-1.10.22.jar;C:\Users\Programacion\.m2\repository\antlr\antlr\2.7.7\antlr-2.7.7.jar;C:\Users\Programacion\.m2\repository\org\jboss\jandex\2.2.3.Final\jandex-2.2.3.Final.jar;C:\Users\Programacion\.m2\repository\org\dom4j\dom4j\2.1.3\dom4j-2.1.3.jar;C:\Users\Programacion\.m2\repository\org\hibernate\common\hibernate-commons-annotations\5.1.2.Final\hibernate-commons-annotations-5.1.2.Final.jar;C:\Users\Programacion\.m2\repository\org\glassfish\jaxb\jaxb-runtime\2.3.5\jaxb-runtime-2.3.5.jar;C:\Users\Programacion\.m2\repository\org\glassfish\jaxb\txw2\2.3.5\txw2-2.3.5.jar;C:\Users\Programacion\.m2\repository\com\sun\istack\istack-commons-runtime\3.0.
Launcher Type: SUN_STANDARD

[Global flags]
     intx CICompilerCount                          = 3                                         {product} {ergonomic}
     uint ConcGCThreads                            = 1                                         {product} {ergonomic}
     uint G1ConcRefinementThreads                  = 4                                         {product} {ergonomic}
   size_t G1HeapRegionSize                         = 1048576                                   {product} {ergonomic}
    uintx GCDrainStackTargetSize                   = 64                                        {product} {ergonomic}
   size_t InitialHeapSize                          = 134217728                                 {product} {ergonomic}
   size_t MarkStackSize                            = 4194304                                   {product} {ergonomic}
   size_t MaxHeapSize                              = 2124414976                                {product} {ergonomic}
   size_t MaxNewSize                               = 1274019840                                {product} {ergonomic}
   size_t MinHeapDeltaBytes                        = 1048576                                   {product} {ergonomic}
   size_t MinHeapSize                              = 8388608                                   {product} {ergonomic}
    uintx NonNMethodCodeHeapSize                   = 5832780                                {pd product} {ergonomic}
    uintx NonProfiledCodeHeapSize                  = 122912730                              {pd product} {ergonomic}
    uintx ProfiledCodeHeapSize                     = 122912730                              {pd product} {ergonomic}
    uintx ReservedCodeCacheSize                    = 251658240                              {pd product} {ergonomic}
     bool SegmentedCodeCache                       = true                                      {product} {ergonomic}
   size_t SoftMaxHeapSize                          = 2124414976                             {manageable} {ergonomic}
     bool UseCompressedClassPointers               = true                           {product lp64_product} {ergonomic}
     bool UseCompressedOops                        = true                           {product lp64_product} {ergonomic}
     bool UseG1GC                                  = true                                      {product} {ergonomic}
     bool UseLargePagesIndividualAllocation        = false                                  {pd product} {ergonomic}

Logging:
Log output configuration:
 #0: stdout all=warning uptime,level,tags
 #1: stderr all=off uptime,level,tags

Environment Variables:
PATH=C:\Program Files\Common Files\Oracle\Java\javapath;C:\Program Files (x86)\Common Files\Oracle\Java\javapath;C:\Program Files (x86)\Intel\Intel(R) Management Engine Components\iCLS\;C:\Program Files\Intel\Intel(R) Management Engine Components\iCLS\;C:\WINDOWS\system32;C:\WINDOWS;C:\WINDOWS\System32\Wbem;C:\WINDOWS\System32\WindowsPowerShell\v1.0\;C:\WINDOWS\System32\OpenSSH\;C:\Program Files (x86)\Intel\Intel(R) Management Engine Components\DAL;C:\Program Files\Intel\Intel(R) Management Engine Components\DAL;C:\Program Files (x86)\Intel\Intel(R) Management Engine Components\IPT;C:\Program Files\Intel\Intel(R) Management Engine Components\IPT;C:\Program Files\PuTTY\;C:\Program Files\PowerShell\7\;C:\Program Files\Git\cmd;C:\Program Files\Amazon\AWSCLIV2\;C:\Program Files\nodejs\;C:\Program Files\MySQL\MySQL Shell 8.0\bin\;C:\Users\Programacion\AppData\Local\Programs\Python\Python39\Scripts\;C:\Users\Programacion\AppData\Local\Programs\Python\Python39\;C:\Users\Programacion\AppData\Local\Microsoft\WindowsApps;C:\Users\Programacion\AppData\Local\Programs\Microsoft VS Code\bin;C:\Program Files (x86);C:\Program Files\apache-maven-3.8.2\bin;C:\Users\Programacion\AppData\Roaming\npm
USERNAME=Programacion
OS=Windows_NT
PROCESSOR_IDENTIFIER=Intel64 Family 6 Model 142 Stepping 9, GenuineIntel



---------------  S Y S T E M  ---------------

OS:
 Windows 10 , 64 bit Build 19041 (10.0.19041.1202)
OS uptime: 4 days 8:40 hours
Hyper-V role detected

CPU: total 4 (initial active 4) (2 cores per cpu, 2 threads per core) family 6 model 142 stepping 9 microcode 0xd6, cx8, cmov, fxsr, ht, mmx, 3dnowpref, sse, sse2, sse3, ssse3, sse4.1, sse4.2, popcnt, lzcnt, tsc, tscinvbit, aes, erms, clmul, clflush, clflushopt, hv

Memory: 4k page, system-wide physical 8101M (732M free)
TotalPageFile size 18611M (AvailPageFile size 0M)
current process WorkingSet (physical memory assigned to process): 87M, peak: 87M
current process commit charge ("private bytes"): 231M, peak: 232M

vm_info: OpenJDK 64-Bit Server VM (16.0.1+9-24) for windows-amd64 JRE (16.0.1+9-24), built on Mar 26 2021 19:30:07 by "mach5one" with MS VC++ 16.7 (VS2019)

END.
