#
# There is insufficient memory for the Java Runtime Environment to continue.
# Native memory allocation (malloc) failed to allocate 4258688 bytes for Chunk::new
# Possible reasons:
#   The system is out of physical RAM or swap space
#   The process is running with CompressedOops enabled, and the Java Heap may be blocking the growth of the native heap
# Possible solutions:
#   Reduce memory load on the system
#   Increase physical memory or swap space
#   Check if swap backing store is full
#   Decrease Java heap size (-Xmx/-Xms)
#   Decrease number of Java threads
#   Decrease Java thread stack sizes (-Xss)
#   Set larger code cache with -XX:ReservedCodeCacheSize=
#   JVM is running with Unscaled Compressed Oops mode in which the Java heap is
#     placed in the first 4GB address space. The Java Heap base address is the
#     maximum limit for the native heap growth. Please use -XX:HeapBaseMinAddress
#     to set the Java Heap base and to place the Java Heap above 4GB virtual address.
# This output file may be truncated or incomplete.
#
#  Out of Memory Error (arena.cpp:195), pid=18796, tid=11036
#
# JRE version: OpenJDK Runtime Environment (16.0.1+9) (build 16.0.1+9-24)
# Java VM: OpenJDK 64-Bit Server VM (16.0.1+9-24, mixed mode, sharing, tiered, compressed oops, compressed class ptrs, g1 gc, windows-amd64)
# No core dump will be written. Minidumps are not enabled by default on client versions of Windows
#

---------------  S U M M A R Y ------------

Command Line: -Dmaven.multiModuleProjectDirectory=C:\Users\Programacion\Documents\CertifiedTech_DH\BIMESTRE4\Sprint01\grupo-3\Backend\Proyecto.Integrador.Grupo3 -Dmaven.home=C:\Program Files\JetBrains\IntelliJ IDEA Community Edition 2021.1.1\plugins\maven\lib\maven3 -Dclassworlds.conf=C:\Program Files\JetBrains\IntelliJ IDEA Community Edition 2021.1.1\plugins\maven\lib\maven3\bin\m2.conf -Dmaven.ext.class.path=C:\Program Files\JetBrains\IntelliJ IDEA Community Edition 2021.1.1\plugins\maven\lib\maven-event-listener.jar -javaagent:C:\Program Files\JetBrains\IntelliJ IDEA Community Edition 2021.1.1\lib\idea_rt.jar=55211:C:\Program Files\JetBrains\IntelliJ IDEA Community Edition 2021.1.1\bin -Dfile.encoding=UTF-8 org.codehaus.classworlds.Launcher -Didea.version=2021.1.1 package

Host: Intel(R) Pentium(R) CPU 4415U @ 2.30GHz, 4 cores, 7G,  Windows 10 , 64 bit Build 19041 (10.0.19041.1202)
Time: Thu Nov 25 09:46:48 2021 Hora est. Pacífico, Sudamérica elapsed time: 86.477387 seconds (0d 0h 1m 26s)

---------------  T H R E A D  ---------------

Current thread (0x000001b2e5220630):  JavaThread "C2 CompilerThread0" daemon [_thread_in_native, id=11036, stack(0x0000009179900000,0x0000009179a00000)]


Current CompileTask:
C2:  86477 8367   !   4       java.lang.ClassLoader::loadClass (122 bytes)

Stack: [0x0000009179900000,0x0000009179a00000]
Native frames: (J=compiled Java code, j=interpreted, Vv=VM code, C=native code)
V  [jvm.dll+0x6687ca]
V  [jvm.dll+0x7ca3c9]
V  [jvm.dll+0x7cbb53]
V  [jvm.dll+0x7cc1b3]
V  [jvm.dll+0x242ea5]
V  [jvm.dll+0xadeca]
V  [jvm.dll+0xae5ac]
V  [jvm.dll+0x35af27]
V  [jvm.dll+0x1b9f31]
V  [jvm.dll+0x216066]
V  [jvm.dll+0x215350]
V  [jvm.dll+0x1a1d9b]
V  [jvm.dll+0x2253a8]
V  [jvm.dll+0x2233ec]
V  [jvm.dll+0x780002]
V  [jvm.dll+0x779b4a]
V  [jvm.dll+0x667666]
C  [ucrtbase.dll+0x21bb2]
C  [KERNEL32.DLL+0x17034]
C  [ntdll.dll+0x52651]


---------------  P R O C E S S  ---------------

Threads class SMR info:
_java_thread_list=0x000001b2e6d927f0, length=15, elements={
0x000001b2c7abc150, 0x000001b2e520e260, 0x000001b2e520f120, 0x000001b2e521b840,
0x000001b2e521c440, 0x000001b2e521ee50, 0x000001b2e521f850, 0x000001b2e5220630,
0x000001b2e52298f0, 0x000001b2e52886a0, 0x000001b2c7b98740, 0x000001b2e5d55360,
0x000001b2e5d57890, 0x000001b2e8dbe3e0, 0x000001b2e8dbe930
}

Java Threads: ( => current thread )
  0x000001b2c7abc150 JavaThread "main" [_thread_in_native, id=15008, stack(0x0000009178c00000,0x0000009178d00000)]
  0x000001b2e520e260 JavaThread "Reference Handler" daemon [_thread_blocked, id=12168, stack(0x0000009179300000,0x0000009179400000)]
  0x000001b2e520f120 JavaThread "Finalizer" daemon [_thread_blocked, id=17384, stack(0x0000009179400000,0x0000009179500000)]
  0x000001b2e521b840 JavaThread "Signal Dispatcher" daemon [_thread_blocked, id=14568, stack(0x0000009179500000,0x0000009179600000)]
  0x000001b2e521c440 JavaThread "Attach Listener" daemon [_thread_blocked, id=8596, stack(0x0000009179600000,0x0000009179700000)]
  0x000001b2e521ee50 JavaThread "Service Thread" daemon [_thread_blocked, id=13852, stack(0x0000009179700000,0x0000009179800000)]
  0x000001b2e521f850 JavaThread "Monitor Deflation Thread" daemon [_thread_blocked, id=2120, stack(0x0000009179800000,0x0000009179900000)]
=>0x000001b2e5220630 JavaThread "C2 CompilerThread0" daemon [_thread_in_native, id=11036, stack(0x0000009179900000,0x0000009179a00000)]
  0x000001b2e52298f0 JavaThread "C1 CompilerThread0" daemon [_thread_blocked, id=18116, stack(0x0000009179a00000,0x0000009179b00000)]
  0x000001b2e52886a0 JavaThread "Sweeper thread" daemon [_thread_blocked, id=16272, stack(0x0000009179b00000,0x0000009179c00000)]
  0x000001b2c7b98740 JavaThread "Common-Cleaner" daemon [_thread_blocked, id=14916, stack(0x0000009179c00000,0x0000009179d00000)]
  0x000001b2e5d55360 JavaThread "Monitor Ctrl-Break" daemon [_thread_in_native, id=19408, stack(0x0000009179d00000,0x0000009179e00000)]
  0x000001b2e5d57890 JavaThread "Notification Thread" daemon [_thread_blocked, id=21276, stack(0x0000009179e00000,0x0000009179f00000)]
  0x000001b2e8dbe3e0 JavaThread "resolver-1" daemon [_thread_blocked, id=21056, stack(0x000000917a600000,0x000000917a700000)]
  0x000001b2e8dbe930 JavaThread "resolver-2" daemon [_thread_blocked, id=5492, stack(0x000000917a700000,0x000000917a800000)]

Other Threads:
  0x000001b2e520a610 VMThread "VM Thread" [stack: 0x0000009179200000,0x0000009179300000] [id=15024]
  0x000001b2c7abd150 WatcherThread [stack: 0x0000009179f00000,0x000000917a000000] [id=1356]
  0x000001b2c7afbf70 GCTaskThread "GC Thread#0" [stack: 0x0000009178d00000,0x0000009178e00000] [id=18652]
  0x000001b2e67d7960 GCTaskThread "GC Thread#1" [stack: 0x000000917a000000,0x000000917a100000] [id=6396]
  0x000001b2e67d7c70 GCTaskThread "GC Thread#2" [stack: 0x000000917a100000,0x000000917a200000] [id=2388]
  0x000001b2e67cf580 GCTaskThread "GC Thread#3" [stack: 0x000000917a200000,0x000000917a300000] [id=6948]
  0x000001b2c7b0ccf0 ConcurrentGCThread "G1 Main Marker" [stack: 0x0000009178e00000,0x0000009178f00000] [id=1092]
  0x000001b2c7b0d760 ConcurrentGCThread "G1 Conc#0" [stack: 0x0000009178f00000,0x0000009179000000] [id=9244]
  0x000001b2c7b84180 ConcurrentGCThread "G1 Refine#0" [stack: 0x0000009179000000,0x0000009179100000] [id=7680]
  0x000001b2e67d7f80 ConcurrentGCThread "G1 Refine#1" [stack: 0x000000917a300000,0x000000917a400000] [id=18136]
  0x000001b2e8ba6380 ConcurrentGCThread "G1 Refine#2" [stack: 0x0000009178a00000,0x0000009178b00000] [id=9120]
  0x000001b2c7b84c00 ConcurrentGCThread "G1 Service" [stack: 0x0000009179100000,0x0000009179200000] [id=10412]

Threads with active compile tasks:
C2 CompilerThread0    86551 8367   !   4       java.lang.ClassLoader::loadClass (122 bytes)

VM state: not at safepoint (normal execution)

VM Mutex/Monitor currently owned by a thread: None

Heap address: 0x0000000081600000, size: 2026 MB, Compressed Oops mode: 32-bit

CDS archive(s) mapped at: [0x0000000800000000-0x0000000800bb0000-0x0000000800bb0000), size 12255232, SharedBaseAddress: 0x0000000800000000, ArchiveRelocationMode: 0.
Compressed class space mapped at: 0x0000000800c00000-0x0000000840c00000, reserved size: 1073741824
Narrow klass base: 0x0000000800000000, Narrow klass shift: 3, Narrow klass range: 0x100000000

GC Precious Log:
 CPUs: 4 total, 4 available
 Memory: 8101M
 Large Page Support: Disabled
 NUMA Support: Disabled
 Compressed Oops: Enabled (32-bit)
 Heap Region Size: 1M
 Heap Min Capacity: 8M
 Heap Initial Capacity: 128M
 Heap Max Capacity: 2026M
 Pre-touch: Disabled
 Parallel Workers: 4
 Concurrent Workers: 1
 Concurrent Refinement Workers: 4
 Periodic GC: Disabled

Heap:
 garbage-first heap   total 133120K, used 98690K [0x0000000081600000, 0x0000000100000000)
  region size 1024K, 42 young (43008K), 7 survivors (7168K)
 Metaspace       used 32107K, committed 32448K, reserved 1081344K
  class space    used 3354K, committed 3520K, reserved 1048576K

Heap Regions: E=young(eden), S=young(survivor), O=old, HS=humongous(starts), HC=humongous(continues), CS=collection set, F=free, OA=open archive, CA=closed archive, TAMS=top-at-mark-start (previous, next)
|   0|0x0000000081600000, 0x0000000081700000, 0x0000000081700000|100%| O|  |TAMS 0x0000000081700000, 0x0000000081600000| Untracked 
|   1|0x0000000081700000, 0x0000000081800000, 0x0000000081800000|100%| O|  |TAMS 0x0000000081800000, 0x0000000081700000| Untracked 
|   2|0x0000000081800000, 0x0000000081900000, 0x0000000081900000|100%| O|  |TAMS 0x0000000081900000, 0x0000000081800000| Untracked 
|   3|0x0000000081900000, 0x0000000081a00000, 0x0000000081a00000|100%| O|  |TAMS 0x0000000081a00000, 0x0000000081900000| Untracked 
|   4|0x0000000081a00000, 0x0000000081b00000, 0x0000000081b00000|100%| O|  |TAMS 0x0000000081b00000, 0x0000000081a00000| Untracked 
|   5|0x0000000081b00000, 0x0000000081c00000, 0x0000000081c00000|100%| O|  |TAMS 0x0000000081c00000, 0x0000000081b00000| Untracked 
|   6|0x0000000081c00000, 0x0000000081d00000, 0x0000000081d00000|100%| O|  |TAMS 0x0000000081d00000, 0x0000000081c00000| Untracked 
|   7|0x0000000081d00000, 0x0000000081e00000, 0x0000000081e00000|100%| O|  |TAMS 0x0000000081e00000, 0x0000000081d00000| Untracked 
|   8|0x0000000081e00000, 0x0000000081f00000, 0x0000000081f00000|100%| O|  |TAMS 0x0000000081f00000, 0x0000000081e00000| Untracked 
|   9|0x0000000081f00000, 0x0000000082000000, 0x0000000082000000|100%| O|  |TAMS 0x0000000082000000, 0x0000000081f00000| Untracked 
|  10|0x0000000082000000, 0x0000000082100000, 0x0000000082100000|100%| O|  |TAMS 0x0000000082100000, 0x0000000082000000| Untracked 
|  11|0x0000000082100000, 0x0000000082200000, 0x0000000082200000|100%| O|  |TAMS 0x0000000082200000, 0x0000000082100000| Untracked 
|  12|0x0000000082200000, 0x0000000082300000, 0x0000000082300000|100%| O|  |TAMS 0x0000000082200000, 0x0000000082200000| Untracked 
|  13|0x0000000082300000, 0x0000000082400000, 0x0000000082400000|100%|HS|  |TAMS 0x0000000082300000, 0x0000000082300000| Complete 
|  14|0x0000000082400000, 0x0000000082500000, 0x0000000082500000|100%| O|  |TAMS 0x0000000082400000, 0x0000000082400000| Untracked 
|  15|0x0000000082500000, 0x0000000082600000, 0x0000000082600000|100%|HS|  |TAMS 0x0000000082600000, 0x0000000082500000| Complete 
|  16|0x0000000082600000, 0x0000000082700000, 0x0000000082700000|100%|HC|  |TAMS 0x0000000082700000, 0x0000000082600000| Complete 
|  17|0x0000000082700000, 0x0000000082800000, 0x0000000082800000|100%| O|  |TAMS 0x0000000082800000, 0x0000000082700000| Untracked 
|  18|0x0000000082800000, 0x0000000082900000, 0x0000000082900000|100%| O|  |TAMS 0x0000000082900000, 0x0000000082800000| Untracked 
|  19|0x0000000082900000, 0x0000000082a00000, 0x0000000082a00000|100%| O|  |TAMS 0x0000000082a00000, 0x0000000082900000| Untracked 
|  20|0x0000000082a00000, 0x0000000082ab7a00, 0x0000000082b00000| 71%| O|  |TAMS 0x0000000082ab7a00, 0x0000000082a00000| Untracked 
|  21|0x0000000082b00000, 0x0000000082c00000, 0x0000000082c00000|100%|HS|  |TAMS 0x0000000082c00000, 0x0000000082b00000| Complete 
|  22|0x0000000082c00000, 0x0000000082d00000, 0x0000000082d00000|100%| O|  |TAMS 0x0000000082d00000, 0x0000000082c00000| Untracked 
|  23|0x0000000082d00000, 0x0000000082e00000, 0x0000000082e00000|100%| O|  |TAMS 0x0000000082e00000, 0x0000000082d00000| Untracked 
|  24|0x0000000082e00000, 0x0000000082f00000, 0x0000000082f00000|100%| O|  |TAMS 0x0000000082f00000, 0x0000000082e00000| Untracked 
|  25|0x0000000082f00000, 0x0000000083000000, 0x0000000083000000|100%| O|  |TAMS 0x0000000083000000, 0x0000000082f00000| Untracked 
|  26|0x0000000083000000, 0x0000000083100000, 0x0000000083100000|100%| O|  |TAMS 0x0000000083000000, 0x0000000083000000| Untracked 
|  27|0x0000000083100000, 0x0000000083200000, 0x0000000083200000|100%| O|  |TAMS 0x0000000083100000, 0x0000000083100000| Untracked 
|  28|0x0000000083200000, 0x0000000083300000, 0x0000000083300000|100%| O|  |TAMS 0x0000000083200000, 0x0000000083200000| Untracked 
|  29|0x0000000083300000, 0x0000000083400000, 0x0000000083400000|100%| O|  |TAMS 0x0000000083400000, 0x0000000083300000| Untracked 
|  30|0x0000000083400000, 0x0000000083500000, 0x0000000083500000|100%| O|  |TAMS 0x0000000083500000, 0x0000000083400000| Untracked 
|  31|0x0000000083500000, 0x0000000083600000, 0x0000000083600000|100%| O|  |TAMS 0x0000000083600000, 0x0000000083500000| Untracked 
|  32|0x0000000083600000, 0x0000000083700000, 0x0000000083700000|100%| O|  |TAMS 0x0000000083700000, 0x0000000083600000| Untracked 
|  33|0x0000000083700000, 0x0000000083800000, 0x0000000083800000|100%| O|  |TAMS 0x0000000083800000, 0x0000000083700000| Untracked 
|  34|0x0000000083800000, 0x0000000083900000, 0x0000000083900000|100%| O|  |TAMS 0x0000000083800000, 0x0000000083800000| Untracked 
|  35|0x0000000083900000, 0x0000000083a00000, 0x0000000083a00000|100%|HS|  |TAMS 0x0000000083a00000, 0x0000000083900000| Complete 
|  36|0x0000000083a00000, 0x0000000083b00000, 0x0000000083b00000|100%| O|  |TAMS 0x0000000083a00000, 0x0000000083a00000| Untracked 
|  37|0x0000000083b00000, 0x0000000083ba9000, 0x0000000083c00000| 66%| O|  |TAMS 0x0000000083b00000, 0x0000000083b00000| Untracked 
|  38|0x0000000083c00000, 0x0000000083c00000, 0x0000000083d00000|  0%| F|  |TAMS 0x0000000083c00000, 0x0000000083c00000| Untracked 
|  39|0x0000000083d00000, 0x0000000083e00000, 0x0000000083e00000|100%| O|  |TAMS 0x0000000083e00000, 0x0000000083d00000| Untracked 
|  40|0x0000000083e00000, 0x0000000083f00000, 0x0000000083f00000|100%| O|  |TAMS 0x0000000083f00000, 0x0000000083e00000| Untracked 
|  41|0x0000000083f00000, 0x0000000083f00000, 0x0000000084000000|  0%| F|  |TAMS 0x0000000083f00000, 0x0000000083f00000| Untracked 
|  42|0x0000000084000000, 0x0000000084100000, 0x0000000084100000|100%| O|  |TAMS 0x0000000084100000, 0x0000000084000000| Untracked 
|  43|0x0000000084100000, 0x0000000084200000, 0x0000000084200000|100%| O|  |TAMS 0x0000000084100000, 0x0000000084100000| Untracked 
|  44|0x0000000084200000, 0x0000000084300000, 0x0000000084300000|100%| O|  |TAMS 0x0000000084200000, 0x0000000084200000| Untracked 
|  45|0x0000000084300000, 0x0000000084400000, 0x0000000084400000|100%|HS|  |TAMS 0x0000000084300000, 0x0000000084300000| Complete 
|  46|0x0000000084400000, 0x0000000084500000, 0x0000000084500000|100%|HC|  |TAMS 0x0000000084400000, 0x0000000084400000| Complete 
|  47|0x0000000084500000, 0x0000000084600000, 0x0000000084600000|100%|HS|  |TAMS 0x0000000084500000, 0x0000000084500000| Complete 
|  48|0x0000000084600000, 0x0000000084700000, 0x0000000084700000|100%| O|  |TAMS 0x0000000084600000, 0x0000000084600000| Untracked 
|  49|0x0000000084700000, 0x0000000084800000, 0x0000000084800000|100%| O|  |TAMS 0x0000000084700000, 0x0000000084700000| Untracked 
|  50|0x0000000084800000, 0x0000000084900000, 0x0000000084900000|100%| O|  |TAMS 0x0000000084800000, 0x0000000084800000| Untracked 
|  51|0x0000000084900000, 0x0000000084a00000, 0x0000000084a00000|100%| O|  |TAMS 0x0000000084900000, 0x0000000084900000| Untracked 
|  52|0x0000000084a00000, 0x0000000084b00000, 0x0000000084b00000|100%| O|  |TAMS 0x0000000084a00000, 0x0000000084a00000| Untracked 
|  53|0x0000000084b00000, 0x0000000084c00000, 0x0000000084c00000|100%| O|  |TAMS 0x0000000084b00000, 0x0000000084b00000| Untracked 
|  54|0x0000000084c00000, 0x0000000084d00000, 0x0000000084d00000|100%| O|  |TAMS 0x0000000084c00000, 0x0000000084c00000| Untracked 
|  55|0x0000000084d00000, 0x0000000084e00000, 0x0000000084e00000|100%| O|  |TAMS 0x0000000084d00000, 0x0000000084d00000| Untracked 
|  56|0x0000000084e00000, 0x0000000084f00000, 0x0000000084f00000|100%| O|  |TAMS 0x0000000084e00000, 0x0000000084e00000| Untracked 
|  57|0x0000000084f00000, 0x0000000085000000, 0x0000000085000000|100%| O|  |TAMS 0x0000000084f00000, 0x0000000084f00000| Untracked 
|  58|0x0000000085000000, 0x0000000085000000, 0x0000000085100000|  0%| F|  |TAMS 0x0000000085000000, 0x0000000085000000| Untracked 
|  59|0x0000000085100000, 0x0000000085100000, 0x0000000085200000|  0%| F|  |TAMS 0x0000000085100000, 0x0000000085100000| Untracked 
|  60|0x0000000085200000, 0x0000000085200000, 0x0000000085300000|  0%| F|  |TAMS 0x0000000085200000, 0x0000000085200000| Untracked 
|  61|0x0000000085300000, 0x0000000085300000, 0x0000000085400000|  0%| F|  |TAMS 0x0000000085300000, 0x0000000085300000| Untracked 
|  62|0x0000000085400000, 0x0000000085400000, 0x0000000085500000|  0%| F|  |TAMS 0x0000000085400000, 0x0000000085400000| Untracked 
|  63|0x0000000085500000, 0x0000000085500000, 0x0000000085600000|  0%| F|  |TAMS 0x0000000085500000, 0x0000000085500000| Untracked 
|  64|0x0000000085600000, 0x0000000085600000, 0x0000000085700000|  0%| F|  |TAMS 0x0000000085600000, 0x0000000085600000| Untracked 
|  65|0x0000000085700000, 0x0000000085700000, 0x0000000085800000|  0%| F|  |TAMS 0x0000000085700000, 0x0000000085700000| Untracked 
|  66|0x0000000085800000, 0x0000000085800000, 0x0000000085900000|  0%| F|  |TAMS 0x0000000085800000, 0x0000000085800000| Untracked 
|  67|0x0000000085900000, 0x0000000085900000, 0x0000000085a00000|  0%| F|  |TAMS 0x0000000085900000, 0x0000000085900000| Untracked 
|  68|0x0000000085a00000, 0x0000000085a00000, 0x0000000085b00000|  0%| F|  |TAMS 0x0000000085a00000, 0x0000000085a00000| Untracked 
|  69|0x0000000085b00000, 0x0000000085b00000, 0x0000000085c00000|  0%| F|  |TAMS 0x0000000085b00000, 0x0000000085b00000| Untracked 
|  70|0x0000000085c00000, 0x0000000085d00000, 0x0000000085d00000|100%| S|CS|TAMS 0x0000000085c00000, 0x0000000085c00000| Complete 
|  71|0x0000000085d00000, 0x0000000085e00000, 0x0000000085e00000|100%| S|CS|TAMS 0x0000000085d00000, 0x0000000085d00000| Complete 
|  72|0x0000000085e00000, 0x0000000085e00000, 0x0000000085f00000|  0%| F|  |TAMS 0x0000000085e00000, 0x0000000085e00000| Untracked 
|  73|0x0000000085f00000, 0x0000000085f00000, 0x0000000086000000|  0%| F|  |TAMS 0x0000000085f00000, 0x0000000085f00000| Untracked 
|  74|0x0000000086000000, 0x0000000086000000, 0x0000000086100000|  0%| F|  |TAMS 0x0000000086000000, 0x0000000086000000| Untracked 
|  75|0x0000000086100000, 0x0000000086100000, 0x0000000086200000|  0%| F|  |TAMS 0x0000000086100000, 0x0000000086100000| Untracked 
|  76|0x0000000086200000, 0x0000000086200000, 0x0000000086300000|  0%| F|  |TAMS 0x0000000086200000, 0x0000000086200000| Untracked 
|  77|0x0000000086300000, 0x0000000086300000, 0x0000000086400000|  0%| F|  |TAMS 0x0000000086300000, 0x0000000086300000| Untracked 
|  78|0x0000000086400000, 0x0000000086500000, 0x0000000086500000|100%| S|CS|TAMS 0x0000000086400000, 0x0000000086400000| Complete 
|  79|0x0000000086500000, 0x0000000086600000, 0x0000000086600000|100%| S|CS|TAMS 0x0000000086500000, 0x0000000086500000| Complete 
|  80|0x0000000086600000, 0x0000000086700000, 0x0000000086700000|100%| S|CS|TAMS 0x0000000086600000, 0x0000000086600000| Complete 
|  81|0x0000000086700000, 0x0000000086800000, 0x0000000086800000|100%| S|CS|TAMS 0x0000000086700000, 0x0000000086700000| Complete 
|  82|0x0000000086800000, 0x0000000086900000, 0x0000000086900000|100%| S|CS|TAMS 0x0000000086800000, 0x0000000086800000| Complete 
|  83|0x0000000086900000, 0x0000000086900000, 0x0000000086a00000|  0%| F|  |TAMS 0x0000000086900000, 0x0000000086900000| Untracked 
|  84|0x0000000086a00000, 0x0000000086a00000, 0x0000000086b00000|  0%| F|  |TAMS 0x0000000086a00000, 0x0000000086a00000| Untracked 
|  85|0x0000000086b00000, 0x0000000086b00000, 0x0000000086c00000|  0%| F|  |TAMS 0x0000000086b00000, 0x0000000086b00000| Untracked 
|  86|0x0000000086c00000, 0x0000000086c00000, 0x0000000086d00000|  0%| F|  |TAMS 0x0000000086c00000, 0x0000000086c00000| Untracked 
|  87|0x0000000086d00000, 0x0000000086d00000, 0x0000000086e00000|  0%| F|  |TAMS 0x0000000086d00000, 0x0000000086d00000| Untracked 
|  88|0x0000000086e00000, 0x0000000086e00000, 0x0000000086f00000|  0%| F|  |TAMS 0x0000000086e00000, 0x0000000086e00000| Untracked 
|  89|0x0000000086f00000, 0x0000000086f00000, 0x0000000087000000|  0%| F|  |TAMS 0x0000000086f00000, 0x0000000086f00000| Untracked 
|  90|0x0000000087000000, 0x0000000087000000, 0x0000000087100000|  0%| F|  |TAMS 0x0000000087000000, 0x0000000087000000| Untracked 
|  91|0x0000000087100000, 0x0000000087100000, 0x0000000087200000|  0%| F|  |TAMS 0x0000000087100000, 0x0000000087100000| Untracked 
|  92|0x0000000087200000, 0x0000000087200000, 0x0000000087300000|  0%| F|  |TAMS 0x0000000087200000, 0x0000000087200000| Untracked 
|  93|0x0000000087300000, 0x0000000087300000, 0x0000000087400000|  0%| F|  |TAMS 0x0000000087300000, 0x0000000087300000| Untracked 
|  94|0x0000000087400000, 0x0000000087480800, 0x0000000087500000| 50%| E|  |TAMS 0x0000000087400000, 0x0000000087400000| Complete 
|  95|0x0000000087500000, 0x0000000087600000, 0x0000000087600000|100%| E|CS|TAMS 0x0000000087500000, 0x0000000087500000| Complete 
|  96|0x0000000087600000, 0x0000000087700000, 0x0000000087700000|100%| E|CS|TAMS 0x0000000087600000, 0x0000000087600000| Complete 
|  97|0x0000000087700000, 0x0000000087800000, 0x0000000087800000|100%| E|CS|TAMS 0x0000000087700000, 0x0000000087700000| Complete 
|  98|0x0000000087800000, 0x0000000087900000, 0x0000000087900000|100%| E|CS|TAMS 0x0000000087800000, 0x0000000087800000| Complete 
|  99|0x0000000087900000, 0x0000000087a00000, 0x0000000087a00000|100%| E|CS|TAMS 0x0000000087900000, 0x0000000087900000| Complete 
| 100|0x0000000087a00000, 0x0000000087b00000, 0x0000000087b00000|100%| E|CS|TAMS 0x0000000087a00000, 0x0000000087a00000| Complete 
| 101|0x0000000087b00000, 0x0000000087c00000, 0x0000000087c00000|100%| E|CS|TAMS 0x0000000087b00000, 0x0000000087b00000| Complete 
| 102|0x0000000087c00000, 0x0000000087d00000, 0x0000000087d00000|100%| E|CS|TAMS 0x0000000087c00000, 0x0000000087c00000| Complete 
| 103|0x0000000087d00000, 0x0000000087e00000, 0x0000000087e00000|100%| E|CS|TAMS 0x0000000087d00000, 0x0000000087d00000| Complete 
| 104|0x0000000087e00000, 0x0000000087f00000, 0x0000000087f00000|100%| E|CS|TAMS 0x0000000087e00000, 0x0000000087e00000| Complete 
| 105|0x0000000087f00000, 0x0000000088000000, 0x0000000088000000|100%| E|CS|TAMS 0x0000000087f00000, 0x0000000087f00000| Complete 
| 106|0x0000000088000000, 0x0000000088100000, 0x0000000088100000|100%| E|CS|TAMS 0x0000000088000000, 0x0000000088000000| Complete 
| 107|0x0000000088100000, 0x0000000088200000, 0x0000000088200000|100%| E|CS|TAMS 0x0000000088100000, 0x0000000088100000| Complete 
| 108|0x0000000088200000, 0x0000000088300000, 0x0000000088300000|100%| E|CS|TAMS 0x0000000088200000, 0x0000000088200000| Complete 
| 109|0x0000000088300000, 0x0000000088400000, 0x0000000088400000|100%| E|CS|TAMS 0x0000000088300000, 0x0000000088300000| Complete 
| 110|0x0000000088400000, 0x0000000088500000, 0x0000000088500000|100%| E|CS|TAMS 0x0000000088400000, 0x0000000088400000| Complete 
| 111|0x0000000088500000, 0x0000000088600000, 0x0000000088600000|100%| E|CS|TAMS 0x0000000088500000, 0x0000000088500000| Complete 
| 112|0x0000000088600000, 0x0000000088700000, 0x0000000088700000|100%| E|CS|TAMS 0x0000000088600000, 0x0000000088600000| Complete 
| 113|0x0000000088700000, 0x0000000088800000, 0x0000000088800000|100%| E|CS|TAMS 0x0000000088700000, 0x0000000088700000| Complete 
| 114|0x0000000088800000, 0x0000000088900000, 0x0000000088900000|100%| E|CS|TAMS 0x0000000088800000, 0x0000000088800000| Complete 
| 115|0x0000000088900000, 0x0000000088a00000, 0x0000000088a00000|100%| E|CS|TAMS 0x0000000088900000, 0x0000000088900000| Complete 
| 116|0x0000000088a00000, 0x0000000088b00000, 0x0000000088b00000|100%| E|CS|TAMS 0x0000000088a00000, 0x0000000088a00000| Complete 
| 117|0x0000000088b00000, 0x0000000088c00000, 0x0000000088c00000|100%| E|CS|TAMS 0x0000000088b00000, 0x0000000088b00000| Complete 
| 118|0x0000000088c00000, 0x0000000088d00000, 0x0000000088d00000|100%| E|CS|TAMS 0x0000000088c00000, 0x0000000088c00000| Complete 
| 119|0x0000000088d00000, 0x0000000088e00000, 0x0000000088e00000|100%| E|CS|TAMS 0x0000000088d00000, 0x0000000088d00000| Complete 
| 120|0x0000000088e00000, 0x0000000088f00000, 0x0000000088f00000|100%| E|CS|TAMS 0x0000000088e00000, 0x0000000088e00000| Complete 
| 121|0x0000000088f00000, 0x0000000089000000, 0x0000000089000000|100%| E|CS|TAMS 0x0000000088f00000, 0x0000000088f00000| Complete 
| 122|0x0000000089000000, 0x0000000089100000, 0x0000000089100000|100%| E|CS|TAMS 0x0000000089000000, 0x0000000089000000| Complete 
| 123|0x0000000089100000, 0x0000000089200000, 0x0000000089200000|100%| E|CS|TAMS 0x0000000089100000, 0x0000000089100000| Complete 
| 124|0x0000000089200000, 0x0000000089300000, 0x0000000089300000|100%| E|CS|TAMS 0x0000000089200000, 0x0000000089200000| Complete 
| 125|0x0000000089300000, 0x0000000089400000, 0x0000000089400000|100%| E|CS|TAMS 0x0000000089300000, 0x0000000089300000| Complete 
| 126|0x0000000089400000, 0x0000000089500000, 0x0000000089500000|100%| E|CS|TAMS 0x0000000089400000, 0x0000000089400000| Complete 
| 127|0x0000000089500000, 0x0000000089600000, 0x0000000089600000|100%| E|CS|TAMS 0x0000000089500000, 0x0000000089500000| Complete 
| 128|0x0000000089600000, 0x0000000089700000, 0x0000000089700000|100%| E|CS|TAMS 0x0000000089600000, 0x0000000089600000| Complete 
| 129|0x0000000089700000, 0x0000000089800000, 0x0000000089800000|100%| E|CS|TAMS 0x0000000089700000, 0x0000000089700000| Complete 

Card table byte_map: [0x000001b2de630000,0x000001b2dea30000] _byte_map_base: 0x000001b2de225000

Marking Bits (Prev, Next): (CMBitMap*) 0x000001b2c7afc620, (CMBitMap*) 0x000001b2c7afc5e0
 Prev Bits: [0x000001b2e0de0000, 0x000001b2e2d88000)
 Next Bits: [0x000001b2dee30000, 0x000001b2e0dd8000)

Polling page: 0x000001b2c5aa0000

Metaspace:

Usage:
  Non-class:     28.08 MB used.
      Class:      3.28 MB used.
       Both:     31.36 MB used.

Virtual space:
  Non-class space:       32.00 MB reserved,      28.25 MB ( 88%) committed,  4 nodes.
      Class space:        1.00 GB reserved,       3.44 MB ( <1%) committed,  1 nodes.
              Both:        1.03 GB reserved,      31.69 MB (  3%) committed. 

Chunk freelists:
   Non-Class:  3.12 MB
       Class:  463.00 KB
        Both:  3.58 MB

MaxMetaspaceSize: 17179869184.00 GB
CompressedClassSpaceSize: 1.00 GB
 - commit_granule_bytes: 65536.
 - commit_granule_words: 8192.
 - virtual_space_node_default_size: 1048576.
 - enlarge_chunks_in_place: 1.
 - new_chunks_are_fully_committed: 0.
 - uncommit_free_chunks: 1.
 - use_allocation_guard: 0.
 - handle_deallocations: 1.


Internal statistics:

num_allocs_failed_limit: 3.
num_arena_births: 240.
num_arena_deaths: 0.
num_vsnodes_births: 5.
num_vsnodes_deaths: 0.
num_space_committed: 507.
num_space_uncommitted: 0.
num_chunks_returned_to_freelist: 3.
num_chunks_taken_from_freelist: 1418.
num_chunk_merges: 3.
num_chunk_splits: 985.
num_chunks_enlarged: 746.
num_purges: 0.

CodeHeap 'non-profiled nmethods': size=120000Kb used=5589Kb max_used=5589Kb free=114410Kb
 bounds [0x000001b2d6d00000, 0x000001b2d7280000, 0x000001b2de230000]
CodeHeap 'profiled nmethods': size=120000Kb used=17705Kb max_used=17705Kb free=102294Kb
 bounds [0x000001b2cf7d0000, 0x000001b2d0920000, 0x000001b2d6d00000]
CodeHeap 'non-nmethods': size=5760Kb used=1245Kb max_used=1336Kb free=4515Kb
 bounds [0x000001b2cf230000, 0x000001b2cf4a0000, 0x000001b2cf7d0000]
 total_blobs=8154 nmethods=7600 adapters=467
 compilation: enabled
              stopped_count=0, restarted_count=0
 full_count=0

Compilation events (20 events):
Event: 85.953 Thread 0x000001b2e52298f0 8450       3       org.apache.maven.model.MailingList::setLocation (288 bytes)
Event: 85.956 Thread 0x000001b2e52298f0 nmethod 8450 0x000001b2d0910c90 code [0x000001b2d0910fe0, 0x000001b2d09126f8]
Event: 85.971 Thread 0x000001b2e52298f0 8451       3       org.apache.maven.model.merge.ModelMerger::mergeOrganization (19 bytes)
Event: 85.972 Thread 0x000001b2e52298f0 nmethod 8451 0x000001b2d0912b10 code [0x000001b2d0912cc0, 0x000001b2d0912f78]
Event: 85.978 Thread 0x000001b2e52298f0 8452       3       org.eclipse.sisu.plexus.DefaultPlexusBeans::iterator (9 bytes)
Event: 85.978 Thread 0x000001b2e52298f0 nmethod 8452 0x000001b2d0913090 code [0x000001b2d0913260, 0x000001b2d0913628]
Event: 85.979 Thread 0x000001b2e52298f0 8453       3       org.eclipse.sisu.plexus.RealmFilteredBeans::iterator (40 bytes)
Event: 85.980 Thread 0x000001b2e52298f0 nmethod 8453 0x000001b2d0913790 code [0x000001b2d09139e0, 0x000001b2d09144f8]
Event: 85.980 Thread 0x000001b2e52298f0 8454       3       org.eclipse.sisu.plexus.ClassRealmManager::contextRealm (33 bytes)
Event: 85.982 Thread 0x000001b2e52298f0 nmethod 8454 0x000001b2d0914790 code [0x000001b2d0914aa0, 0x000001b2d0916138]
Event: 85.982 Thread 0x000001b2e52298f0 8456       1       org.apache.maven.project.DefaultProjectBuildingRequest::getRepositorySession (5 bytes)
Event: 85.982 Thread 0x000001b2e52298f0 nmethod 8456 0x000001b2d7272e90 code [0x000001b2d7273020, 0x000001b2d72730f8]
Event: 85.983 Thread 0x000001b2e52298f0 8455       3       org.eclipse.sisu.plexus.ClassRealmManager::visibleRealmNames (47 bytes)
Event: 85.984 Thread 0x000001b2e52298f0 nmethod 8455 0x000001b2d0916690 code [0x000001b2d0916920, 0x000001b2d0917538]
Event: 86.049 Thread 0x000001b2e52298f0 8458       3       org.eclipse.aether.repository.RemoteRepository$Builder::build (28 bytes)
Event: 86.050 Thread 0x000001b2e52298f0 nmethod 8458 0x000001b2d0917990 code [0x000001b2d0917b40, 0x000001b2d0917da8]
Event: 86.053 Thread 0x000001b2e52298f0 8459       1       org.apache.maven.model.building.DefaultModelBuildingResult::getModelIds (5 bytes)
Event: 86.054 Thread 0x000001b2e52298f0 nmethod 8459 0x000001b2d7273190 code [0x000001b2d7273320, 0x000001b2d72733f8]
Event: 86.100 Thread 0x000001b2e97a6020 8400       4       com.google.inject.TypeLiteral::<init> (43 bytes)
Event: 86.189 Thread 0x000001b2e97a6020 nmethod 8400 0x000001b2d7273490 code [0x000001b2d7273720, 0x000001b2d7274950]

GC Heap History (20 events):
Event: 64.721 GC heap before
{Heap before GC invocations=11 (full 0):
 garbage-first heap   total 92160K, used 71390K [0x0000000081600000, 0x0000000100000000)
  region size 1024K, 29 young (29696K), 2 survivors (2048K)
 Metaspace       used 27343K, committed 27648K, reserved 1081344K
  class space    used 2912K, committed 3072K, reserved 1048576K
}
Event: 64.731 GC heap after
{Heap after GC invocations=12 (full 0):
 garbage-first heap   total 92160K, used 44477K [0x0000000081600000, 0x0000000100000000)
  region size 1024K, 2 young (2048K), 2 survivors (2048K)
 Metaspace       used 27343K, committed 27648K, reserved 1081344K
  class space    used 2912K, committed 3072K, reserved 1048576K
}
Event: 65.371 GC heap before
{Heap before GC invocations=13 (full 0):
 garbage-first heap   total 92160K, used 74173K [0x0000000081600000, 0x0000000100000000)
  region size 1024K, 31 young (31744K), 2 survivors (2048K)
 Metaspace       used 27387K, committed 27712K, reserved 1081344K
  class space    used 2915K, committed 3072K, reserved 1048576K
}
Event: 65.382 GC heap after
{Heap after GC invocations=14 (full 0):
 garbage-first heap   total 92160K, used 44669K [0x0000000081600000, 0x0000000100000000)
  region size 1024K, 2 young (2048K), 2 survivors (2048K)
 Metaspace       used 27387K, committed 27712K, reserved 1081344K
  class space    used 2915K, committed 3072K, reserved 1048576K
}
Event: 67.388 GC heap before
{Heap before GC invocations=14 (full 0):
 garbage-first heap   total 92160K, used 75389K [0x0000000081600000, 0x0000000100000000)
  region size 1024K, 32 young (32768K), 2 survivors (2048K)
 Metaspace       used 27691K, committed 27968K, reserved 1081344K
  class space    used 2918K, committed 3072K, reserved 1048576K
}
Event: 67.399 GC heap after
{Heap after GC invocations=15 (full 0):
 garbage-first heap   total 92160K, used 44945K [0x0000000081600000, 0x0000000100000000)
  region size 1024K, 3 young (3072K), 3 survivors (3072K)
 Metaspace       used 27691K, committed 27968K, reserved 1081344K
  class space    used 2918K, committed 3072K, reserved 1048576K
}
Event: 67.980 GC heap before
{Heap before GC invocations=16 (full 0):
 garbage-first heap   total 92160K, used 54161K [0x0000000081600000, 0x0000000100000000)
  region size 1024K, 13 young (13312K), 3 survivors (3072K)
 Metaspace       used 27803K, committed 28096K, reserved 1081344K
  class space    used 2932K, committed 3072K, reserved 1048576K
}
Event: 67.992 GC heap after
{Heap after GC invocations=17 (full 0):
 garbage-first heap   total 92160K, used 44963K [0x0000000081600000, 0x0000000100000000)
  region size 1024K, 3 young (3072K), 3 survivors (3072K)
 Metaspace       used 27803K, committed 28096K, reserved 1081344K
  class space    used 2932K, committed 3072K, reserved 1048576K
}
Event: 71.931 GC heap before
{Heap before GC invocations=18 (full 0):
 garbage-first heap   total 92160K, used 63395K [0x0000000081600000, 0x0000000100000000)
  region size 1024K, 21 young (21504K), 3 survivors (3072K)
 Metaspace       used 29419K, committed 29696K, reserved 1081344K
  class space    used 3096K, committed 3200K, reserved 1048576K
}
Event: 71.948 GC heap after
{Heap after GC invocations=19 (full 0):
 garbage-first heap   total 92160K, used 46388K [0x0000000081600000, 0x0000000100000000)
  region size 1024K, 4 young (4096K), 4 survivors (4096K)
 Metaspace       used 29419K, committed 29696K, reserved 1081344K
  class space    used 3096K, committed 3200K, reserved 1048576K
}
Event: 72.012 GC heap before
{Heap before GC invocations=19 (full 0):
 garbage-first heap   total 92160K, used 75060K [0x0000000081600000, 0x0000000100000000)
  region size 1024K, 32 young (32768K), 4 survivors (4096K)
 Metaspace       used 29419K, committed 29696K, reserved 1081344K
  class space    used 3096K, committed 3200K, reserved 1048576K
}
Event: 72.027 GC heap after
{Heap after GC invocations=20 (full 0):
 garbage-first heap   total 92160K, used 47618K [0x0000000081600000, 0x0000000100000000)
  region size 1024K, 3 young (3072K), 3 survivors (3072K)
 Metaspace       used 29419K, committed 29696K, reserved 1081344K
  class space    used 3096K, committed 3200K, reserved 1048576K
}
Event: 73.300 GC heap before
{Heap before GC invocations=21 (full 0):
 garbage-first heap   total 97280K, used 77314K [0x0000000081600000, 0x0000000100000000)
  region size 1024K, 30 young (30720K), 3 survivors (3072K)
 Metaspace       used 29452K, committed 29760K, reserved 1081344K
  class space    used 3096K, committed 3200K, reserved 1048576K
}
Event: 73.317 GC heap after
{Heap after GC invocations=22 (full 0):
 garbage-first heap   total 97280K, used 56408K [0x0000000081600000, 0x0000000100000000)
  region size 1024K, 4 young (4096K), 4 survivors (4096K)
 Metaspace       used 29452K, committed 29760K, reserved 1081344K
  class space    used 3096K, committed 3200K, reserved 1048576K
}
Event: 73.347 GC heap before
{Heap before GC invocations=22 (full 0):
 garbage-first heap   total 97280K, used 56408K [0x0000000081600000, 0x0000000100000000)
  region size 1024K, 5 young (5120K), 4 survivors (4096K)
 Metaspace       used 29456K, committed 29760K, reserved 1081344K
  class space    used 3096K, committed 3200K, reserved 1048576K
}
Event: 73.374 GC heap after
{Heap after GC invocations=23 (full 0):
 garbage-first heap   total 133120K, used 49626K [0x0000000081600000, 0x0000000100000000)
  region size 1024K, 1 young (1024K), 1 survivors (1024K)
 Metaspace       used 29456K, committed 29760K, reserved 1081344K
  class space    used 3096K, committed 3200K, reserved 1048576K
}
Event: 74.952 GC heap before
{Heap before GC invocations=23 (full 0):
 garbage-first heap   total 133120K, used 101850K [0x0000000081600000, 0x0000000100000000)
  region size 1024K, 52 young (53248K), 1 survivors (1024K)
 Metaspace       used 29490K, committed 29760K, reserved 1081344K
  class space    used 3096K, committed 3200K, reserved 1048576K
}
Event: 74.960 GC heap after
{Heap after GC invocations=24 (full 0):
 garbage-first heap   total 133120K, used 55600K [0x0000000081600000, 0x0000000100000000)
  region size 1024K, 6 young (6144K), 6 survivors (6144K)
 Metaspace       used 29490K, committed 29760K, reserved 1081344K
  class space    used 3096K, committed 3200K, reserved 1048576K
}
Event: 78.237 GC heap before
{Heap before GC invocations=24 (full 0):
 garbage-first heap   total 133120K, used 102704K [0x0000000081600000, 0x0000000100000000)
  region size 1024K, 53 young (54272K), 6 survivors (6144K)
 Metaspace       used 30480K, committed 30720K, reserved 1081344K
  class space    used 3216K, committed 3328K, reserved 1048576K
}
Event: 78.254 GC heap after
{Heap after GC invocations=25 (full 0):
 garbage-first heap   total 133120K, used 63874K [0x0000000081600000, 0x0000000100000000)
  region size 1024K, 7 young (7168K), 7 survivors (7168K)
 Metaspace       used 30480K, committed 30720K, reserved 1081344K
  class space    used 3216K, committed 3328K, reserved 1048576K
}

Deoptimization events (20 events):
Event: 84.930 Thread 0x000001b2c7abc150 DEOPT PACKING pc=0x000001b2d6f2849c sp=0x0000009178cfd930
Event: 84.930 Thread 0x000001b2c7abc150 DEOPT UNPACKING pc=0x000001b2cf27d728 sp=0x0000009178cfd8c0 mode 2
Event: 84.930 Thread 0x000001b2c7abc150 Uncommon trap: trap_request=0xffffffde fr.pc=0x000001b2d6f2849c relative=0x000000000000007c
Event: 84.930 Thread 0x000001b2c7abc150 Uncommon trap: reason=class_check action=maybe_recompile pc=0x000001b2d6f2849c method=java.util.Collections$3.hasMoreElements()Z @ 4 c2
Event: 84.930 Thread 0x000001b2c7abc150 DEOPT PACKING pc=0x000001b2d6f2849c sp=0x0000009178cfd950
Event: 84.930 Thread 0x000001b2c7abc150 DEOPT UNPACKING pc=0x000001b2cf27d728 sp=0x0000009178cfd8e0 mode 2
Event: 85.027 Thread 0x000001b2c7abc150 Uncommon trap: trap_request=0xffffff45 fr.pc=0x000001b2d722a9b0 relative=0x0000000000000470
Event: 85.027 Thread 0x000001b2c7abc150 Uncommon trap: reason=unstable_if action=reinterpret pc=0x000001b2d722a9b0 method=java.lang.StringLatin1.compareToCI([B[B)I @ 68 c2
Event: 85.027 Thread 0x000001b2c7abc150 DEOPT PACKING pc=0x000001b2d722a9b0 sp=0x0000009178cfd830
Event: 85.027 Thread 0x000001b2c7abc150 DEOPT UNPACKING pc=0x000001b2cf27d728 sp=0x0000009178cfd7a8 mode 2
Event: 85.084 Thread 0x000001b2c7abc150 Uncommon trap: trap_request=0xffffff45 fr.pc=0x000001b2d6ec6c64 relative=0x0000000000003ee4
Event: 85.084 Thread 0x000001b2c7abc150 Uncommon trap: reason=unstable_if action=reinterpret pc=0x000001b2d6ec6c64 method=org.codehaus.plexus.util.xml.Xpp3DomBuilder.build(Lorg/codehaus/plexus/util/xml/pull/XmlPullParser;ZLorg/codehaus/plexus/util/xml/Xpp3DomBuilder$InputLocationBuilder;)Lorg/c
Event: 85.084 Thread 0x000001b2c7abc150 DEOPT PACKING pc=0x000001b2d6ec6c64 sp=0x0000009178cfcac0
Event: 85.085 Thread 0x000001b2c7abc150 DEOPT UNPACKING pc=0x000001b2cf27d728 sp=0x0000009178cfcaa8 mode 2
Event: 85.149 Thread 0x000001b2c7abc150 Uncommon trap: trap_request=0xffffff45 fr.pc=0x000001b2d6f6dd28 relative=0x0000000000000e08
Event: 85.149 Thread 0x000001b2c7abc150 Uncommon trap: reason=unstable_if action=reinterpret pc=0x000001b2d6f6dd28 method=org.apache.maven.model.Contributor.clone()Lorg/apache/maven/model/Contributor; @ 65 c2
Event: 85.149 Thread 0x000001b2c7abc150 DEOPT PACKING pc=0x000001b2d6f6dd28 sp=0x0000009178cfcdc0
Event: 85.149 Thread 0x000001b2c7abc150 DEOPT UNPACKING pc=0x000001b2cf27d728 sp=0x0000009178cfcdb0 mode 2
Event: 86.302 Thread 0x000001b2e8dbe930 DEOPT PACKING pc=0x000001b2d02c1931 sp=0x000000917a7ff170
Event: 86.302 Thread 0x000001b2e8dbe930 DEOPT UNPACKING pc=0x000001b2cf27deaf sp=0x000000917a7fe5c8 mode 3

Classes unloaded (0 events):
No events

Classes redefined (0 events):
No events

Internal exceptions (20 events):
Event: 78.647 Thread 0x000001b2c7abc150 Exception <a 'sun/nio/fs/WindowsException'{0x00000000891749e8}> (0x00000000891749e8) 
thrown [t:\workspace\open\src\hotspot\share\prims\jni.cpp, line 579]
Event: 78.670 Thread 0x000001b2c7abc150 Exception <a 'sun/nio/fs/WindowsException'{0x000000008900c7b0}> (0x000000008900c7b0) 
thrown [t:\workspace\open\src\hotspot\share\prims\jni.cpp, line 579]
Event: 78.679 Thread 0x000001b2c7abc150 Exception <a 'sun/nio/fs/WindowsException'{0x00000000890239f8}> (0x00000000890239f8) 
thrown [t:\workspace\open\src\hotspot\share\prims\jni.cpp, line 579]
Event: 78.693 Thread 0x000001b2c7abc150 Exception <a 'sun/nio/fs/WindowsException'{0x000000008903e518}> (0x000000008903e518) 
thrown [t:\workspace\open\src\hotspot\share\prims\jni.cpp, line 579]
Event: 78.693 Thread 0x000001b2c7abc150 Exception <a 'sun/nio/fs/WindowsException'{0x000000008903ed50}> (0x000000008903ed50) 
thrown [t:\workspace\open\src\hotspot\share\prims\jni.cpp, line 579]
Event: 78.693 Thread 0x000001b2c7abc150 Exception <a 'sun/nio/fs/WindowsException'{0x000000008903f310}> (0x000000008903f310) 
thrown [t:\workspace\open\src\hotspot\share\prims\jni.cpp, line 579]
Event: 78.694 Thread 0x000001b2c7abc150 Exception <a 'sun/nio/fs/WindowsException'{0x000000008903fb18}> (0x000000008903fb18) 
thrown [t:\workspace\open\src\hotspot\share\prims\jni.cpp, line 579]
Event: 78.694 Thread 0x000001b2c7abc150 Exception <a 'sun/nio/fs/WindowsException'{0x000000008903ffc8}> (0x000000008903ffc8) 
thrown [t:\workspace\open\src\hotspot\share\prims\jni.cpp, line 579]
Event: 78.694 Thread 0x000001b2c7abc150 Exception <a 'sun/nio/fs/WindowsException'{0x0000000089040d38}> (0x0000000089040d38) 
thrown [t:\workspace\open\src\hotspot\share\prims\jni.cpp, line 579]
Event: 78.694 Thread 0x000001b2c7abc150 Exception <a 'sun/nio/fs/WindowsException'{0x00000000890411b8}> (0x00000000890411b8) 
thrown [t:\workspace\open\src\hotspot\share\prims\jni.cpp, line 579]
Event: 78.694 Thread 0x000001b2c7abc150 Exception <a 'sun/nio/fs/WindowsException'{0x0000000089041f10}> (0x0000000089041f10) 
thrown [t:\workspace\open\src\hotspot\share\prims\jni.cpp, line 579]
Event: 78.695 Thread 0x000001b2c7abc150 Exception <a 'sun/nio/fs/WindowsException'{0x0000000089042360}> (0x0000000089042360) 
thrown [t:\workspace\open\src\hotspot\share\prims\jni.cpp, line 579]
Event: 78.695 Thread 0x000001b2c7abc150 Exception <a 'sun/nio/fs/WindowsException'{0x00000000890430b0}> (0x00000000890430b0) 
thrown [t:\workspace\open\src\hotspot\share\prims\jni.cpp, line 579]
Event: 78.837 Thread 0x000001b2c7abc150 Exception <a 'sun/nio/fs/WindowsException'{0x0000000088fd9ff8}> (0x0000000088fd9ff8) 
thrown [t:\workspace\open\src\hotspot\share\prims\jni.cpp, line 579]
Event: 78.838 Thread 0x000001b2c7abc150 Exception <a 'sun/nio/fs/WindowsException'{0x0000000088fda760}> (0x0000000088fda760) 
thrown [t:\workspace\open\src\hotspot\share\prims\jni.cpp, line 579]
Event: 78.840 Thread 0x000001b2c7abc150 Exception <a 'sun/nio/fs/WindowsException'{0x0000000088fdb3b8}> (0x0000000088fdb3b8) 
thrown [t:\workspace\open\src\hotspot\share\prims\jni.cpp, line 579]
Event: 78.842 Thread 0x000001b2c7abc150 Exception <a 'sun/nio/fs/WindowsException'{0x0000000088fdbc08}> (0x0000000088fdbc08) 
thrown [t:\workspace\open\src\hotspot\share\prims\jni.cpp, line 579]
Event: 84.958 Thread 0x000001b2e8dbe930 Exception <a 'java/lang/NoSuchMethodError'{0x0000000087fcca50}: 'java.lang.Object java.lang.invoke.DirectMethodHandle$Holder.invokeStaticInit(java.lang.Object, java.lang.Object, long, java.lang.Object)'> (0x0000000087fcca50) 
thrown [t:\workspace\open\src\hotspot\share\interpreter\linkResolver.cpp, line 790]
Event: 84.960 Thread 0x000001b2e8dbe930 Exception <a 'java/lang/NoSuchMethodError'{0x0000000087fd34e0}: 'java.lang.Object java.lang.invoke.DirectMethodHandle$Holder.newInvokeSpecial(java.lang.Object, java.lang.Object, long)'> (0x0000000087fd34e0) 
thrown [t:\workspace\open\src\hotspot\share\interpreter\linkResolver.cpp, line 790]
Event: 84.962 Thread 0x000001b2e8dbe930 Exception <a 'java/lang/NoSuchMethodError'{0x0000000087fd7250}: 'java.lang.Object java.lang.invoke.Invokers$Holder.linkToTargetMethod(java.lang.Object, long, java.lang.Object)'> (0x0000000087fd7250) 
thrown [t:\workspace\open\src\hotspot\share\interpreter\linkResolver.cpp, line 790]

Events (20 events):
Event: 86.062 loading class java/util/concurrent/ThreadPoolExecutor$Worker
Event: 86.063 loading class java/util/concurrent/ThreadPoolExecutor$Worker done
Event: 86.063 loading class java/lang/Thread$State
Event: 86.063 loading class java/lang/Thread$State done
Event: 86.063 Thread 0x000001b2e8dbe3e0 Thread added: 0x000001b2e8dbe3e0
Event: 86.064 Thread 0x000001b2e8dbe930 Thread added: 0x000001b2e8dbe930
Event: 86.064 loading class java/util/concurrent/locks/AbstractQueuedSynchronizer$SharedNode
Event: 86.064 loading class java/util/concurrent/locks/AbstractQueuedSynchronizer$SharedNode done
Event: 86.064 loading class java/util/concurrent/locks/AbstractQueuedSynchronizer$ExclusiveNode
Event: 86.064 loading class java/util/concurrent/locks/AbstractQueuedSynchronizer$ExclusiveNode done
Event: 86.247 loading class java/util/concurrent/locks/AbstractQueuedSynchronizer$ConditionNode
Event: 86.267 loading class java/util/concurrent/ForkJoinPool$ManagedBlocker
Event: 86.268 loading class java/util/concurrent/ForkJoinPool$ManagedBlocker done
Event: 86.268 loading class java/util/concurrent/locks/AbstractQueuedSynchronizer$ConditionNode done
Event: 86.307 loading class java/util/jar/JarOutputStream
Event: 86.308 loading class java/util/zip/ZipOutputStream
Event: 86.309 loading class java/util/zip/ZipOutputStream done
Event: 86.309 loading class java/util/jar/JarOutputStream done
Event: 86.336 Executing  VM operation: Cleanup
Event: 86.336 Executing  VM operation: Cleanup done


Dynamic libraries:
0x00007ff660290000 - 0x00007ff66029e000 	C:\Users\Programacion\.jdks\openjdk-16.0.1\bin\java.exe
0x00007ffe1a950000 - 0x00007ffe1ab45000 	C:\WINDOWS\SYSTEM32\ntdll.dll
0x00007ffe18d60000 - 0x00007ffe18e1e000 	C:\WINDOWS\System32\KERNEL32.DLL
0x00007ffe181a0000 - 0x00007ffe18469000 	C:\WINDOWS\System32\KERNELBASE.dll
0x00007ffe18070000 - 0x00007ffe18170000 	C:\WINDOWS\System32\ucrtbase.dll
0x00007ffdefc80000 - 0x00007ffdefc98000 	C:\Users\Programacion\.jdks\openjdk-16.0.1\bin\jli.dll
0x00007ffe19d60000 - 0x00007ffe19f01000 	C:\WINDOWS\System32\USER32.dll
0x00007ffe18170000 - 0x00007ffe18192000 	C:\WINDOWS\System32\win32u.dll
0x00007ffe195c0000 - 0x00007ffe195eb000 	C:\WINDOWS\System32\GDI32.dll
0x00007ffdefc60000 - 0x00007ffdefc79000 	C:\Users\Programacion\.jdks\openjdk-16.0.1\bin\VCRUNTIME140.dll
0x00007ffe18690000 - 0x00007ffe1879b000 	C:\WINDOWS\System32\gdi32full.dll
0x00007ffe18900000 - 0x00007ffe1899d000 	C:\WINDOWS\System32\msvcp_win.dll
0x00007ffdffa10000 - 0x00007ffdffcaa000 	C:\WINDOWS\WinSxS\amd64_microsoft.windows.common-controls_6595b64144ccf1df_6.0.19041.1110_none_60b5254171f9507e\COMCTL32.dll
0x00007ffe18b80000 - 0x00007ffe18c1e000 	C:\WINDOWS\System32\msvcrt.dll
0x00007ffe18c80000 - 0x00007ffe18cb0000 	C:\WINDOWS\System32\IMM32.DLL
0x00007ffe10ef0000 - 0x00007ffe10efc000 	C:\Users\Programacion\.jdks\openjdk-16.0.1\bin\vcruntime140_1.dll
0x00007ffdd70e0000 - 0x00007ffdd7171000 	C:\Users\Programacion\.jdks\openjdk-16.0.1\bin\msvcp140.dll
0x00007ffd91ee0000 - 0x00007ffd92a8b000 	C:\Users\Programacion\.jdks\openjdk-16.0.1\bin\server\jvm.dll
0x00007ffe18cb0000 - 0x00007ffe18d5c000 	C:\WINDOWS\System32\ADVAPI32.dll
0x00007ffe1a0b0000 - 0x00007ffe1a14b000 	C:\WINDOWS\System32\sechost.dll
0x00007ffe19f80000 - 0x00007ffe1a0aa000 	C:\WINDOWS\System32\RPCRT4.dll
0x00007ffe1a8f0000 - 0x00007ffe1a8f8000 	C:\WINDOWS\System32\PSAPI.DLL
0x00007ffe02200000 - 0x00007ffe02209000 	C:\WINDOWS\SYSTEM32\WSOCK32.dll
0x00007ffe024d0000 - 0x00007ffe024f7000 	C:\WINDOWS\SYSTEM32\WINMM.dll
0x00007ffe19cf0000 - 0x00007ffe19d5b000 	C:\WINDOWS\System32\WS2_32.dll
0x00007ffe107f0000 - 0x00007ffe107fa000 	C:\WINDOWS\SYSTEM32\VERSION.dll
0x00007ffe168b0000 - 0x00007ffe168c2000 	C:\WINDOWS\SYSTEM32\kernel.appcore.dll
0x00007ffdf1900000 - 0x00007ffdf190a000 	C:\Users\Programacion\.jdks\openjdk-16.0.1\bin\jimage.dll
0x00007ffe16540000 - 0x00007ffe16724000 	C:\WINDOWS\SYSTEM32\DBGHELP.DLL
0x00007ffe096c0000 - 0x00007ffe096ec000 	C:\WINDOWS\SYSTEM32\dbgcore.DLL
0x00007ffe18520000 - 0x00007ffe185a3000 	C:\WINDOWS\System32\bcryptPrimitives.dll
0x00007ffdf1860000 - 0x00007ffdf186e000 	C:\Users\Programacion\.jdks\openjdk-16.0.1\bin\instrument.dll
0x00007ffddb390000 - 0x00007ffddb3b5000 	C:\Users\Programacion\.jdks\openjdk-16.0.1\bin\java.dll
0x00007ffe18e20000 - 0x00007ffe1955f000 	C:\WINDOWS\System32\SHELL32.dll
0x00007ffe15c90000 - 0x00007ffe16420000 	C:\WINDOWS\SYSTEM32\windows.storage.dll
0x00007ffe19870000 - 0x00007ffe19bc5000 	C:\WINDOWS\System32\combase.dll
0x00007ffe179f0000 - 0x00007ffe17a1c000 	C:\WINDOWS\SYSTEM32\Wldp.dll
0x00007ffe1a150000 - 0x00007ffe1a1fd000 	C:\WINDOWS\System32\SHCORE.dll
0x00007ffe19560000 - 0x00007ffe195b5000 	C:\WINDOWS\System32\shlwapi.dll
0x00007ffe17fb0000 - 0x00007ffe17fcf000 	C:\WINDOWS\SYSTEM32\profapi.dll
0x00007ffdefc40000 - 0x00007ffdefc58000 	C:\Users\Programacion\.jdks\openjdk-16.0.1\bin\zip.dll
0x00007ffddb370000 - 0x00007ffddb389000 	C:\Users\Programacion\.jdks\openjdk-16.0.1\bin\net.dll
0x00007ffe079f0000 - 0x00007ffe07af8000 	C:\WINDOWS\SYSTEM32\WINHTTP.dll
0x00007ffe17730000 - 0x00007ffe1779a000 	C:\WINDOWS\system32\mswsock.dll
0x00007ffddabe0000 - 0x00007ffddabf3000 	C:\Users\Programacion\.jdks\openjdk-16.0.1\bin\nio.dll
0x00007ffdda810000 - 0x00007ffdda82a000 	C:\Program Files\JetBrains\IntelliJ IDEA Community Edition 2021.1.1\bin\breakgen64.dll
0x00007ffdf0870000 - 0x00007ffdf0880000 	C:\Users\Programacion\.jdks\openjdk-16.0.1\bin\verify.dll
0x00007ffe17940000 - 0x00007ffe17958000 	C:\WINDOWS\SYSTEM32\CRYPTSP.dll
0x00007ffe17090000 - 0x00007ffe170c4000 	C:\WINDOWS\system32\rsaenh.dll
0x00007ffe18660000 - 0x00007ffe18687000 	C:\WINDOWS\System32\bcrypt.dll
0x00007ffe17f70000 - 0x00007ffe17f9e000 	C:\WINDOWS\SYSTEM32\USERENV.dll
0x00007ffe17960000 - 0x00007ffe1796c000 	C:\WINDOWS\SYSTEM32\CRYPTBASE.dll
0x00007ffe17410000 - 0x00007ffe1744b000 	C:\WINDOWS\SYSTEM32\IPHLPAPI.DLL
0x00007ffe1a900000 - 0x00007ffe1a908000 	C:\WINDOWS\System32\NSI.dll
0x00007ffe07950000 - 0x00007ffe07967000 	C:\WINDOWS\SYSTEM32\dhcpcsvc6.DLL
0x00007ffe08940000 - 0x00007ffe0895d000 	C:\WINDOWS\SYSTEM32\dhcpcsvc.DLL
0x00007ffe17450000 - 0x00007ffe1751c000 	C:\WINDOWS\SYSTEM32\DNSAPI.dll
0x00007ffdf0680000 - 0x00007ffdf068a000 	C:\Users\Programacion\AppData\Local\Temp\jansi-1.17.1-1531486014610186169.dll
0x00007ffdf0370000 - 0x00007ffdf037a000 	C:\Users\Programacion\AppData\Local\Temp\jansi-1.17.1-6827303984506128000.dll

dbghelp: loaded successfully - version: 4.0.5 - missing functions: none
symbol engine: initialized successfully - sym options: 0x614 - pdb path: .;C:\Users\Programacion\.jdks\openjdk-16.0.1\bin;C:\WINDOWS\SYSTEM32;C:\WINDOWS\WinSxS\amd64_microsoft.windows.common-controls_6595b64144ccf1df_6.0.19041.1110_none_60b5254171f9507e;C:\Users\Programacion\.jdks\openjdk-16.0.1\bin\server;C:\Program Files\JetBrains\IntelliJ IDEA Community Edition 2021.1.1\bin;C:\Users\Programacion\AppData\Local\Temp

VM Arguments:
jvm_args: -Dmaven.multiModuleProjectDirectory=C:\Users\Programacion\Documents\CertifiedTech_DH\BIMESTRE4\Sprint01\grupo-3\Backend\Proyecto.Integrador.Grupo3 -Dmaven.home=C:\Program Files\JetBrains\IntelliJ IDEA Community Edition 2021.1.1\plugins\maven\lib\maven3 -Dclassworlds.conf=C:\Program Files\JetBrains\IntelliJ IDEA Community Edition 2021.1.1\plugins\maven\lib\maven3\bin\m2.conf -Dmaven.ext.class.path=C:\Program Files\JetBrains\IntelliJ IDEA Community Edition 2021.1.1\plugins\maven\lib\maven-event-listener.jar -javaagent:C:\Program Files\JetBrains\IntelliJ IDEA Community Edition 2021.1.1\lib\idea_rt.jar=55211:C:\Program Files\JetBrains\IntelliJ IDEA Community Edition 2021.1.1\bin -Dfile.encoding=UTF-8 
java_command: org.codehaus.classworlds.Launcher -Didea.version=2021.1.1 package
java_class_path (initial): C:\Program Files\JetBrains\IntelliJ IDEA Community Edition 2021.1.1\plugins\maven\lib\maven3\boot\plexus-classworlds-2.6.0.jar;C:\Program Files\JetBrains\IntelliJ IDEA Community Edition 2021.1.1\plugins\maven\lib\maven3\boot\plexus-classworlds.license
Launcher Type: SUN_STANDARD

[Global flags]
     intx CICompilerCount                          = 3                                         {product} {ergonomic}
     uint ConcGCThreads                            = 1                                         {product} {ergonomic}
     uint G1ConcRefinementThreads                  = 4                                         {product} {ergonomic}
   size_t G1HeapRegionSize                         = 1048576                                   {product} {ergonomic}
    uintx GCDrainStackTargetSize                   = 64                                        {product} {ergonomic}
   size_t InitialHeapSize                          = 134217728                                 {product} {ergonomic}
   size_t MarkStackSize                            = 4194304                                   {product} {ergonomic}
   size_t MaxHeapSize                              = 2124414976                                {product} {ergonomic}
   size_t MaxNewSize                               = 1274019840                                {product} {ergonomic}
   size_t MinHeapDeltaBytes                        = 1048576                                   {product} {ergonomic}
   size_t MinHeapSize                              = 8388608                                   {product} {ergonomic}
    uintx NonNMethodCodeHeapSize                   = 5832780                                {pd product} {ergonomic}
    uintx NonProfiledCodeHeapSize                  = 122912730                              {pd product} {ergonomic}
    uintx ProfiledCodeHeapSize                     = 122912730                              {pd product} {ergonomic}
    uintx ReservedCodeCacheSize                    = 251658240                              {pd product} {ergonomic}
     bool SegmentedCodeCache                       = true                                      {product} {ergonomic}
   size_t SoftMaxHeapSize                          = 2124414976                             {manageable} {ergonomic}
     bool UseCompressedClassPointers               = true                           {product lp64_product} {ergonomic}
     bool UseCompressedOops                        = true                           {product lp64_product} {ergonomic}
     bool UseG1GC                                  = true                                      {product} {ergonomic}
     bool UseLargePagesIndividualAllocation        = false                                  {pd product} {ergonomic}

Logging:
Log output configuration:
 #0: stdout all=warning uptime,level,tags
 #1: stderr all=off uptime,level,tags

Environment Variables:
PATH=C:\Program Files\Common Files\Oracle\Java\javapath;C:\Program Files (x86)\Common Files\Oracle\Java\javapath;C:\Program Files (x86)\Intel\Intel(R) Management Engine Components\iCLS\;C:\Program Files\Intel\Intel(R) Management Engine Components\iCLS\;C:\WINDOWS\system32;C:\WINDOWS;C:\WINDOWS\System32\Wbem;C:\WINDOWS\System32\WindowsPowerShell\v1.0\;C:\WINDOWS\System32\OpenSSH\;C:\Program Files (x86)\Intel\Intel(R) Management Engine Components\DAL;C:\Program Files\Intel\Intel(R) Management Engine Components\DAL;C:\Program Files (x86)\Intel\Intel(R) Management Engine Components\IPT;C:\Program Files\Intel\Intel(R) Management Engine Components\IPT;C:\Program Files\PuTTY\;C:\Program Files\PowerShell\7\;C:\Program Files\Git\cmd;C:\Program Files\Amazon\AWSCLIV2\;C:\Program Files\nodejs\;C:\Program Files\MySQL\MySQL Shell 8.0\bin\;C:\Users\Programacion\AppData\Local\Programs\Python\Python39\Scripts\;C:\Users\Programacion\AppData\Local\Programs\Python\Python39\;C:\Users\Programacion\AppData\Local\Microsoft\WindowsApps;C:\Users\Programacion\AppData\Local\Programs\Microsoft VS Code\bin;C:\Program Files (x86);C:\Program Files\apache-maven-3.8.2\bin;C:\Users\Programacion\AppData\Roaming\npm
USERNAME=Programacion
OS=Windows_NT
PROCESSOR_IDENTIFIER=Intel64 Family 6 Model 142 Stepping 9, GenuineIntel



---------------  S Y S T E M  ---------------

OS:
 Windows 10 , 64 bit Build 19041 (10.0.19041.1202)
OS uptime: 4 days 8:39 hours
Hyper-V role detected

CPU: total 4 (initial active 4) (2 cores per cpu, 2 threads per core) family 6 model 142 stepping 9 microcode 0xd6, cx8, cmov, fxsr, ht, mmx, 3dnowpref, sse, sse2, sse3, ssse3, sse4.1, sse4.2, popcnt, lzcnt, tsc, tscinvbit, aes, erms, clmul, clflush, clflushopt, hv

Memory: 4k page, system-wide physical 8101M (542M free)
TotalPageFile size 18611M (AvailPageFile size 6M)
current process WorkingSet (physical memory assigned to process): 305M, peak: 312M
current process commit charge ("private bytes"): 338M, peak: 342M

vm_info: OpenJDK 64-Bit Server VM (16.0.1+9-24) for windows-amd64 JRE (16.0.1+9-24), built on Mar 26 2021 19:30:07 by "mach5one" with MS VC++ 16.7 (VS2019)

END.
